#
# A fatal error has been detected by the Java Runtime Environment:
#
#  SIGSEGV (0xb) at pc=0x00007fd12e509aa9, pid=6434, tid=6451
#
# JRE version: Java(TM) SE Runtime Environment (9.0+11) (build 9.0.4+11)
# Java VM: Java HotSpot(TM) 64-Bit Server VM (9.0.4+11, mixed mode, tiered, compressed oops, g1 gc, linux-amd64)
# Problematic frame:
# V  [libjvm.so+0xcaeaa9]  ObjectSynchronizer::deflate_idle_monitors()+0x549
#
# Core dump will be written. Default location: Core dumps may be processed with "/usr/share/apport/apport %p %s %c %d %P" (or dumping to /home/ubi-2/Documents/workspace-sts-3.9.2.RELEASE/ToDoList/core.6434)
#
# If you would like to submit a bug report, please visit:
#   http://bugreport.java.com/bugreport/crash.jsp
#

---------------  S U M M A R Y ------------

Command Line: -Dfile.encoding=UTF-8 com.harsha.todolist.Application

Host: Intel(R) Core(TM) i3-5005U CPU @ 2.00GHz, 4 cores, 3G, Ubuntu 17.10
Time: Sat Mar 24 10:01:58 2018 IST elapsed time: 0 seconds (0d 0h 0m 0s)

---------------  T H R E A D  ---------------

Current thread (0x00007fd1280eb800):  VMThread "VM Thread" [stack: 0x00007fd0e40e0000,0x00007fd0e41e0000] [id=6451]

Stack: [0x00007fd0e40e0000,0x00007fd0e41e0000],  sp=0x00007fd0e41deab0,  free space=1018k
Native frames: (J=compiled Java code, A=aot compiled Java code, j=interpreted, Vv=VM code, C=native code)
V  [libjvm.so+0xcaeaa9]  ObjectSynchronizer::deflate_idle_monitors()+0x549
V  [libjvm.so+0xc2685f]  SafepointSynchronize::do_cleanup_tasks()+0x7f
V  [libjvm.so+0xc27a16]  SafepointSynchronize::begin()+0xe46
V  [libjvm.so+0xd5b7a1]  VMThread::loop()+0x201
V  [libjvm.so+0xd5bcc2]  VMThread::run()+0x72
V  [libjvm.so+0xb6e132]  thread_native_entry(Thread*)+0xf2


siginfo: si_signo: 11 (SIGSEGV), si_code: 1 (SEGV_MAPERR), si_addr: 0x0000000000000001

Register to memory mapping:

RAX=0x0000000000000001 is an unknown value
RBX=0x0000000000000000 is an unknown value
RCX=0x0000000000000000 is an unknown value
RDX=0x0000000000000000 is an unknown value
RSP=0x00007fd0e41deab0 is an unknown value
RBP=0x00007fd0e41deb30 is an unknown value
RSI=0x0000000000000000 is an unknown value
RDI=0x0000000000000000 is an unknown value
R8 =0x0000000000000000 is an unknown value
R9 =0x00007fd12ebbadb0: <offset 0x000000000135fdb0> in /usr/lib/jvm/java-9-oracle/lib/server/libjvm.so at 0x00007fd12d85b000
R10=0x00007fd0e41deb70 is an unknown value
R11=0x0000000000000001 is an unknown value
R12=0x00007fd128013800 is a thread
R13=0x0000000000000000 is an unknown value
R14=0x00007fd0e41deaf0 is an unknown value
R15=0x00007fd0d0006f00 is an unknown value


Registers:
RAX=0x0000000000000001, RBX=0x0000000000000000, RCX=0x0000000000000000, RDX=0x0000000000000000
RSP=0x00007fd0e41deab0, RBP=0x00007fd0e41deb30, RSI=0x0000000000000000, RDI=0x0000000000000000
R8 =0x0000000000000000, R9 =0x00007fd12ebbadb0, R10=0x00007fd0e41deb70, R11=0x0000000000000001
R12=0x00007fd128013800, R13=0x0000000000000000, R14=0x00007fd0e41deaf0, R15=0x00007fd0d0006f00
RIP=0x00007fd12e509aa9, EFLAGS=0x0000000000010246, CSGSFS=0x002b000000000033, ERR=0x0000000000000006
  TRAPNO=0x000000000000000e

Top of Stack: (sp=0x00007fd0e41deab0)
0x00007fd0e41deab0:   0000000000000000 00007fd12800b750
0x00007fd0e41deac0:   00007fd0e41debd0 00007fd12dec3a5b
0x00007fd0e41dead0:   00007fd12e63515d 3fecf88500000000
0x00007fd0e41deae0:   0000000200000003 00007fd0e41deaf8 

Instructions: (pc=0x00007fd12e509aa9)
0x00007fd12e509a89:   00 20 00 20 00 20 00 20 00 20 00 20 00 20 00 20
0x00007fd12e509a99:   00 20 00 20 00 20 00 20 00 20 00 20 00 20 00 20
0x00007fd12e509aa9:   00 20 00 20 00 20 00 20 00 20 00 20 00 20 00 20
0x00007fd12e509ab9:   00 20 00 20 00 20 00 20 00 20 00 20 00 20 00 20 

VM_Operation (0x00007fd12fa15630): Deoptimize, mode: safepoint, requested by thread 0x00007fd128013800


---------------  P R O C E S S  ---------------

Java Threads: ( => current thread )
  0x00007fd1281c9800 JavaThread "Service Thread" daemon [_thread_blocked, id=6460, stack(0x00007fd0de7f3000,0x00007fd0de8f4000)]
  0x00007fd128137000 JavaThread "Common-Cleaner" daemon [_thread_blocked, id=6459, stack(0x00007fd0de8f4000,0x00007fd0de9f5000)]
  0x00007fd128120800 JavaThread "Sweeper thread" daemon [_thread_blocked, id=6458, stack(0x00007fd0dee1d000,0x00007fd0def1e000)]
  0x00007fd12811e800 JavaThread "C1 CompilerThread2" daemon [_thread_blocked, id=6457, stack(0x00007fd0def1e000,0x00007fd0df01f000)]
  0x00007fd12811c800 JavaThread "C2 CompilerThread1" daemon [_thread_blocked, id=6456, stack(0x00007fd0df01f000,0x00007fd0df120000)]
  0x00007fd128118800 JavaThread "C2 CompilerThread0" daemon [_thread_blocked, id=6455, stack(0x00007fd0df120000,0x00007fd0df221000)]
  0x00007fd12811a000 JavaThread "Signal Dispatcher" daemon [_thread_blocked, id=6454, stack(0x00007fd0df221000,0x00007fd0df322000)]
  0x00007fd1280fd800 JavaThread "Finalizer" daemon [_thread_blocked, id=6453, stack(0x00007fd0df5fe000,0x00007fd0df6ff000)]
  0x00007fd1280f5800 JavaThread "Reference Handler" daemon [_thread_blocked, id=6452, stack(0x00007fd0df6ff000,0x00007fd0df800000)]
  0x00007fd128013800 JavaThread "main" [_thread_blocked, id=6436, stack(0x00007fd12f91a000,0x00007fd12fa1a000)]

Other Threads:
=>0x00007fd1280eb800 VMThread "VM Thread" [stack: 0x00007fd0e40e0000,0x00007fd0e41e0000] [id=6451]
  0x00007fd1281cc000 WatcherThread [stack: 0x00007fd0de6f3000,0x00007fd0de7f3000] [id=6461]
  0x00007fd12802b000 GCTaskThread "GC Thread#0" [stack: 0x00007fd10da43000,0x00007fd10db43000] [id=6440]
  0x00007fd12802c800 GCTaskThread "GC Thread#1" [stack: 0x00007fd10d942000,0x00007fd10da42000] [id=6441]
  0x00007fd12802e800 GCTaskThread "GC Thread#2" [stack: 0x00007fd10d841000,0x00007fd10d941000] [id=6442]
  0x00007fd128030000 GCTaskThread "GC Thread#3" [stack: 0x00007fd10d740000,0x00007fd10d840000] [id=6443]
  0x00007fd12804e000 ConcurrentGCThread "G1 Main Marker" [stack: 0x00007fd10c5ae000,0x00007fd10c6ae000] [id=6449]
  0x00007fd128050000 ConcurrentGCThread "G1 Marker#0" [stack: 0x00007fd10c4ad000,0x00007fd10c5ad000] [id=6450]
  0x00007fd128037800 ConcurrentGCThread "G1 Refine#0" [stack: 0x00007fd10cf38000,0x00007fd10d038000] [id=6447]
  0x00007fd128035800 ConcurrentGCThread "G1 Refine#1" [stack: 0x00007fd10d039000,0x00007fd10d139000] [id=6446]
  0x00007fd128034000 ConcurrentGCThread "G1 Refine#2" [stack: 0x00007fd10d13a000,0x00007fd10d23a000] [id=6445]
  0x00007fd128032000 ConcurrentGCThread "G1 Refine#3" [stack: 0x00007fd10d23b000,0x00007fd10d33b000] [id=6444]
  0x00007fd128039000 ConcurrentGCThread "G1 Young RemSet Sampling" [stack: 0x00007fd10ce37000,0x00007fd10cf37000] [id=6448]

Threads with active compile tasks:

VM state:at safepoint (normal execution)

VM Mutex/Monitor currently owned by a thread:  ([mutex/lock_event])
[0x00007fd12800fe40] Safepoint_lock - owner thread: 0x00007fd1280eb800
[0x00007fd12800fed0] Threads_lock - owner thread: 0x00007fd1280eb800
[0x00007fd128010a10] Compile_lock - owner thread: 0x00007fd128013800

Heap address: 0x00000000c3c00000, size: 964 MB, Compressed Oops mode: 32-bit
Narrow klass base: 0x0000000000000000, Narrow klass shift: 3
Compressed class space size: 1073741824 Address: 0x0000000100000000

Heap:
 garbage-first heap   total 63488K, used 11264K [0x00000000c3c00000, 0x00000000c3d001f0, 0x0000000100000000)
  region size 1024K, 12 young (12288K), 0 survivors (0K)
 Metaspace       used 9420K, capacity 9620K, committed 9984K, reserved 1058816K
  class space    used 868K, capacity 912K, committed 1024K, reserved 1048576K
Heap Regions: E=young(eden), S=young(survivor), O=old, HS=humongous(starts), HC=humongous(continues), CS=collection set, F=free, A=archive, TS=gc time stamp, AC=allocation context, TAMS=top-at-mark-start (previous, next)
|   0|0x00000000c3c00000, 0x00000000c3c00000, 0x00000000c3d00000|  0%| F|  |TS  0|AC  0|TAMS 0x00000000c3c00000, 0x00000000c3c00000|
|   1|0x00000000c3d00000, 0x00000000c3d00000, 0x00000000c3e00000|  0%| F|  |TS  0|AC  0|TAMS 0x00000000c3d00000, 0x00000000c3d00000|
|   2|0x00000000c3e00000, 0x00000000c3e00000, 0x00000000c3f00000|  0%| F|  |TS  0|AC  0|TAMS 0x00000000c3e00000, 0x00000000c3e00000|
|   3|0x00000000c3f00000, 0x00000000c3f00000, 0x00000000c4000000|  0%| F|  |TS  0|AC  0|TAMS 0x00000000c3f00000, 0x00000000c3f00000|
|   4|0x00000000c4000000, 0x00000000c4000000, 0x00000000c4100000|  0%| F|  |TS  0|AC  0|TAMS 0x00000000c4000000, 0x00000000c4000000|
|   5|0x00000000c4100000, 0x00000000c4100000, 0x00000000c4200000|  0%| F|  |TS  0|AC  0|TAMS 0x00000000c4100000, 0x00000000c4100000|
|   6|0x00000000c4200000, 0x00000000c4200000, 0x00000000c4300000|  0%| F|  |TS  0|AC  0|TAMS 0x00000000c4200000, 0x00000000c4200000|
|   7|0x00000000c4300000, 0x00000000c4300000, 0x00000000c4400000|  0%| F|  |TS  0|AC  0|TAMS 0x00000000c4300000, 0x00000000c4300000|
|   8|0x00000000c4400000, 0x00000000c4400000, 0x00000000c4500000|  0%| F|  |TS  0|AC  0|TAMS 0x00000000c4400000, 0x00000000c4400000|
|   9|0x00000000c4500000, 0x00000000c4500000, 0x00000000c4600000|  0%| F|  |TS  0|AC  0|TAMS 0x00000000c4500000, 0x00000000c4500000|
|  10|0x00000000c4600000, 0x00000000c4600000, 0x00000000c4700000|  0%| F|  |TS  0|AC  0|TAMS 0x00000000c4600000, 0x00000000c4600000|
|  11|0x00000000c4700000, 0x00000000c4700000, 0x00000000c4800000|  0%| F|  |TS  0|AC  0|TAMS 0x00000000c4700000, 0x00000000c4700000|
|  12|0x00000000c4800000, 0x00000000c4800000, 0x00000000c4900000|  0%| F|  |TS  0|AC  0|TAMS 0x00000000c4800000, 0x00000000c4800000|
|  13|0x00000000c4900000, 0x00000000c4900000, 0x00000000c4a00000|  0%| F|  |TS  0|AC  0|TAMS 0x00000000c4900000, 0x00000000c4900000|
|  14|0x00000000c4a00000, 0x00000000c4a00000, 0x00000000c4b00000|  0%| F|  |TS  0|AC  0|TAMS 0x00000000c4a00000, 0x00000000c4a00000|
|  15|0x00000000c4b00000, 0x00000000c4b00000, 0x00000000c4c00000|  0%| F|  |TS  0|AC  0|TAMS 0x00000000c4b00000, 0x00000000c4b00000|
|  16|0x00000000c4c00000, 0x00000000c4c00000, 0x00000000c4d00000|  0%| F|  |TS  0|AC  0|TAMS 0x00000000c4c00000, 0x00000000c4c00000|
|  17|0x00000000c4d00000, 0x00000000c4d00000, 0x00000000c4e00000|  0%| F|  |TS  0|AC  0|TAMS 0x00000000c4d00000, 0x00000000c4d00000|
|  18|0x00000000c4e00000, 0x00000000c4e00000, 0x00000000c4f00000|  0%| F|  |TS  0|AC  0|TAMS 0x00000000c4e00000, 0x00000000c4e00000|
|  19|0x00000000c4f00000, 0x00000000c4f00000, 0x00000000c5000000|  0%| F|  |TS  0|AC  0|TAMS 0x00000000c4f00000, 0x00000000c4f00000|
|  20|0x00000000c5000000, 0x00000000c5000000, 0x00000000c5100000|  0%| F|  |TS  0|AC  0|TAMS 0x00000000c5000000, 0x00000000c5000000|
|  21|0x00000000c5100000, 0x00000000c5100000, 0x00000000c5200000|  0%| F|  |TS  0|AC  0|TAMS 0x00000000c5100000, 0x00000000c5100000|
|  22|0x00000000c5200000, 0x00000000c5200000, 0x00000000c5300000|  0%| F|  |TS  0|AC  0|TAMS 0x00000000c5200000, 0x00000000c5200000|
|  23|0x00000000c5300000, 0x00000000c5300000, 0x00000000c5400000|  0%| F|  |TS  0|AC  0|TAMS 0x00000000c5300000, 0x00000000c5300000|
|  24|0x00000000c5400000, 0x00000000c5400000, 0x00000000c5500000|  0%| F|  |TS  0|AC  0|TAMS 0x00000000c5400000, 0x00000000c5400000|
|  25|0x00000000c5500000, 0x00000000c5500000, 0x00000000c5600000|  0%| F|  |TS  0|AC  0|TAMS 0x00000000c5500000, 0x00000000c5500000|
|  26|0x00000000c5600000, 0x00000000c5600000, 0x00000000c5700000|  0%| F|  |TS  0|AC  0|TAMS 0x00000000c5600000, 0x00000000c5600000|
|  27|0x00000000c5700000, 0x00000000c5700000, 0x00000000c5800000|  0%| F|  |TS  0|AC  0|TAMS 0x00000000c5700000, 0x00000000c5700000|
|  28|0x00000000c5800000, 0x00000000c5800000, 0x00000000c5900000|  0%| F|  |TS  0|AC  0|TAMS 0x00000000c5800000, 0x00000000c5800000|
|  29|0x00000000c5900000, 0x00000000c5900000, 0x00000000c5a00000|  0%| F|  |TS  0|AC  0|TAMS 0x00000000c5900000, 0x00000000c5900000|
|  30|0x00000000c5a00000, 0x00000000c5a00000, 0x00000000c5b00000|  0%| F|  |TS  0|AC  0|TAMS 0x00000000c5a00000, 0x00000000c5a00000|
|  31|0x00000000c5b00000, 0x00000000c5b00000, 0x00000000c5c00000|  0%| F|  |TS  0|AC  0|TAMS 0x00000000c5b00000, 0x00000000c5b00000|
|  32|0x00000000c5c00000, 0x00000000c5c00000, 0x00000000c5d00000|  0%| F|  |TS  0|AC  0|TAMS 0x00000000c5c00000, 0x00000000c5c00000|
|  33|0x00000000c5d00000, 0x00000000c5d00000, 0x00000000c5e00000|  0%| F|  |TS  0|AC  0|TAMS 0x00000000c5d00000, 0x00000000c5d00000|
|  34|0x00000000c5e00000, 0x00000000c5e00000, 0x00000000c5f00000|  0%| F|  |TS  0|AC  0|TAMS 0x00000000c5e00000, 0x00000000c5e00000|
|  35|0x00000000c5f00000, 0x00000000c5f00000, 0x00000000c6000000|  0%| F|  |TS  0|AC  0|TAMS 0x00000000c5f00000, 0x00000000c5f00000|
|  36|0x00000000c6000000, 0x00000000c6000000, 0x00000000c6100000|  0%| F|  |TS  0|AC  0|TAMS 0x00000000c6000000, 0x00000000c6000000|
|  37|0x00000000c6100000, 0x00000000c6100000, 0x00000000c6200000|  0%| F|  |TS  0|AC  0|TAMS 0x00000000c6100000, 0x00000000c6100000|
|  38|0x00000000c6200000, 0x00000000c6200000, 0x00000000c6300000|  0%| F|  |TS  0|AC  0|TAMS 0x00000000c6200000, 0x00000000c6200000|
|  39|0x00000000c6300000, 0x00000000c6300000, 0x00000000c6400000|  0%| F|  |TS  0|AC  0|TAMS 0x00000000c6300000, 0x00000000c6300000|
|  40|0x00000000c6400000, 0x00000000c6400000, 0x00000000c6500000|  0%| F|  |TS  0|AC  0|TAMS 0x00000000c6400000, 0x00000000c6400000|
|  41|0x00000000c6500000, 0x00000000c6500000, 0x00000000c6600000|  0%| F|  |TS  0|AC  0|TAMS 0x00000000c6500000, 0x00000000c6500000|
|  42|0x00000000c6600000, 0x00000000c6600000, 0x00000000c6700000|  0%| F|  |TS  0|AC  0|TAMS 0x00000000c6600000, 0x00000000c6600000|
|  43|0x00000000c6700000, 0x00000000c6700000, 0x00000000c6800000|  0%| F|  |TS  0|AC  0|TAMS 0x00000000c6700000, 0x00000000c6700000|
|  44|0x00000000c6800000, 0x00000000c6800000, 0x00000000c6900000|  0%| F|  |TS  0|AC  0|TAMS 0x00000000c6800000, 0x00000000c6800000|
|  45|0x00000000c6900000, 0x00000000c6900000, 0x00000000c6a00000|  0%| F|  |TS  0|AC  0|TAMS 0x00000000c6900000, 0x00000000c6900000|
|  46|0x00000000c6a00000, 0x00000000c6a00000, 0x00000000c6b00000|  0%| F|  |TS  0|AC  0|TAMS 0x00000000c6a00000, 0x00000000c6a00000|
|  47|0x00000000c6b00000, 0x00000000c6b00000, 0x00000000c6c00000|  0%| F|  |TS  0|AC  0|TAMS 0x00000000c6b00000, 0x00000000c6b00000|
|  48|0x00000000c6c00000, 0x00000000c6c00000, 0x00000000c6d00000|  0%| F|  |TS  0|AC  0|TAMS 0x00000000c6c00000, 0x00000000c6c00000|
|  49|0x00000000c6d00000, 0x00000000c6d00000, 0x00000000c6e00000|  0%| F|  |TS  0|AC  0|TAMS 0x00000000c6d00000, 0x00000000c6d00000|
|  50|0x00000000c6e00000, 0x00000000c6e48b18, 0x00000000c6f00000| 28%| E|  |TS  0|AC  0|TAMS 0x00000000c6e00000, 0x00000000c6e00000|
|  51|0x00000000c6f00000, 0x00000000c7000000, 0x00000000c7000000|100%| E|CS|TS  0|AC  0|TAMS 0x00000000c6f00000, 0x00000000c6f00000|
|  52|0x00000000c7000000, 0x00000000c7100000, 0x00000000c7100000|100%| E|CS|TS  0|AC  0|TAMS 0x00000000c7000000, 0x00000000c7000000|
|  53|0x00000000c7100000, 0x00000000c7200000, 0x00000000c7200000|100%| E|CS|TS  0|AC  0|TAMS 0x00000000c7100000, 0x00000000c7100000|
|  54|0x00000000c7200000, 0x00000000c7300000, 0x00000000c7300000|100%| E|CS|TS  0|AC  0|TAMS 0x00000000c7200000, 0x00000000c7200000|
|  55|0x00000000c7300000, 0x00000000c7400000, 0x00000000c7400000|100%| E|CS|TS  0|AC  0|TAMS 0x00000000c7300000, 0x00000000c7300000|
|  56|0x00000000c7400000, 0x00000000c7500000, 0x00000000c7500000|100%| E|CS|TS  0|AC  0|TAMS 0x00000000c7400000, 0x00000000c7400000|
|  57|0x00000000c7500000, 0x00000000c7600000, 0x00000000c7600000|100%| E|CS|TS  0|AC  0|TAMS 0x00000000c7500000, 0x00000000c7500000|
|  58|0x00000000c7600000, 0x00000000c7700000, 0x00000000c7700000|100%| E|CS|TS  0|AC  0|TAMS 0x00000000c7600000, 0x00000000c7600000|
|  59|0x00000000c7700000, 0x00000000c7800000, 0x00000000c7800000|100%| E|CS|TS  0|AC  0|TAMS 0x00000000c7700000, 0x00000000c7700000|
|  60|0x00000000c7800000, 0x00000000c7900000, 0x00000000c7900000|100%| E|CS|TS  0|AC  0|TAMS 0x00000000c7800000, 0x00000000c7800000|
|  61|0x00000000c7900000, 0x00000000c7a00000, 0x00000000c7a00000|100%| E|CS|TS  0|AC  0|TAMS 0x00000000c7900000, 0x00000000c7900000|

Card table byte_map: [0x00007fd10c890000,0x00007fd10ca72000] byte_map_base: 0x00007fd10c272000

Marking Bits (Prev, Next): (CMBitMap*) 0x00007fd12804d480, (CMBitMap*) 0x00007fd12804d4b8
 Prev Bits: [0x00007fd0e70f0000, 0x00007fd0e8000000)
 Next Bits: [0x00007fd0e61e0000, 0x00007fd0e70f0000)

Polling page: 0x00007fd12fa35000

CodeHeap 'non-profiled nmethods': size=120032Kb used=198Kb max_used=198Kb free=119834Kb
 bounds [0x00007fd11560b000, 0x00007fd11587b000, 0x00007fd11cb43000]
CodeHeap 'profiled nmethods': size=120032Kb used=1213Kb max_used=1213Kb free=118818Kb
 bounds [0x00007fd10e0d3000, 0x00007fd10e343000, 0x00007fd11560b000]
CodeHeap 'non-nmethods': size=5696Kb used=1190Kb max_used=1204Kb free=4505Kb
 bounds [0x00007fd10db43000, 0x00007fd10ddb3000, 0x00007fd10e0d3000]
 total_blobs=1162 nmethods=654 adapters=262
 compilation: enabled

Compilation events (10 events):
Event: 0.903 Thread 0x00007fd12811e800  652       3       java.nio.MappedByteBuffer::rewind (7 bytes)
Event: 0.903 Thread 0x00007fd12811e800 nmethod 652 0x00007fd10e200910 code [0x00007fd10e200ac0, 0x00007fd10e200cd0]
Event: 0.903 Thread 0x00007fd12811e800  653       3       java.nio.ByteBuffer::rewind (7 bytes)
Event: 0.903 Thread 0x00007fd12811e800 nmethod 653 0x00007fd10e200d90 code [0x00007fd10e200f40, 0x00007fd10e2010f0]
Event: 0.903 Thread 0x00007fd12811e800  654   !   3       java.lang.ref.Finalizer::add (41 bytes)
Event: 0.903 Thread 0x00007fd12811e800 nmethod 654 0x00007fd10e201190 code [0x00007fd10e201360, 0x00007fd10e2017f0]
Event: 0.903 Thread 0x00007fd12811e800  647  s    3       jdk.internal.loader.Resource::cachedInputStream (20 bytes)
Event: 0.904 Thread 0x00007fd12811e800 nmethod 647 0x00007fd10e201910 code [0x00007fd10e201ae0, 0x00007fd10e201f08]
Event: 0.904 Thread 0x00007fd12811e800  641       3       java.io.File::exists (43 bytes)
Event: 0.904 Thread 0x00007fd12811e800 nmethod 641 0x00007fd10e202010 code [0x00007fd10e202200, 0x00007fd10e202688]

GC Heap History (0 events):
No events

Deoptimization events (4 events):
Event: 0.259 Thread 0x00007fd128013800 Uncommon trap: reason=unstable_if action=reinterpret pc=0x00007fd11560f81c method=java.lang.StringLatin1.indexOf([BII)I @ 23 c2
Event: 0.287 Thread 0x00007fd128013800 Uncommon trap: reason=range_check action=reinterpret pc=0x00007fd11560ea50 method=java.lang.StringLatin1.indexOf([BII)I @ 13 c2
Event: 0.776 Thread 0x00007fd128013800 Uncommon trap: reason=unstable_if action=reinterpret pc=0x00007fd11562fb64 method=java.io.BufferedReader.read()I @ 19 c2
Event: 0.861 Thread 0x00007fd128013800 Uncommon trap: reason=unstable_if action=reinterpret pc=0x00007fd11560dd94 method=java.lang.String.charAt(I)C @ 4 c2

Classes redefined (0 events):
No events

Internal exceptions (5 events):
Event: 0.631 Thread 0x00007fd128013800 Exception <a 'java/lang/NoSuchMethodError'{0x00000000c74b00a8}: java.lang.Object.lambda$union$2(Ljava/util/regex/Pattern$CharPredicate;I)Z> (0x00000000c74b00a8) thrown at [/scratch/opt/mach5/mesos/work_dir/slaves/5af44a71-976a-41b7-81de-5773b84ec572-S3964
Event: 0.773 Thread 0x00007fd128013800 Exception <a 'java/lang/ClassNotFoundException'{0x00000000c72fd1a0}: javax/smartcardio/CardPermission> (0x00000000c72fd1a0) thrown at [/scratch/opt/mach5/mesos/work_dir/slaves/5af44a71-976a-41b7-81de-5773b84ec572-S39643/frameworks/1735e8a2-a1db-478c-8104-
Event: 0.778 Thread 0x00007fd128013800 Exception <a 'java/io/FileNotFoundException'{0x00000000c710bec0}> (0x00000000c710bec0) thrown at [/scratch/opt/mach5/mesos/work_dir/slaves/5af44a71-976a-41b7-81de-5773b84ec572-S39643/frameworks/1735e8a2-a1db-478c-8104-60c8b0af87dd-0196/executors/a3f74ad9-
Event: 0.883 Thread 0x00007fd128013800 Exception <a 'java/lang/NoSuchMethodError'{0x00000000c6f33900}: java.lang.invoke.DirectMethodHandle$Holder.invokeStatic(Ljava/lang/Object;Ljava/lang/Object;Ljava/lang/Object;)V> (0x00000000c6f33900) thrown at [/scratch/opt/mach5/mesos/work_dir/slaves/5af4
Event: 0.884 Thread 0x00007fd128013800 Exception <a 'java/lang/NoSuchMethodError'{0x00000000c6f36c78}: java.lang.invoke.DirectMethodHandle$Holder.invokeStaticInit(Ljava/lang/Object;Ljava/lang/Object;Ljava/lang/Object;)V> (0x00000000c6f36c78) thrown at [/scratch/opt/mach5/mesos/work_dir/slaves/

Events (10 events):
Event: 0.901 loading class org/springframework/util/LinkedMultiValueMap done
Event: 0.902 loading class org/springframework/core/io/UrlResource
Event: 0.902 loading class org/springframework/core/io/UrlResource done
Event: 0.903 loading class org/springframework/core/io/AbstractFileResolvingResource
Event: 0.903 loading class org/springframework/core/io/AbstractFileResolvingResource done
Event: 0.904 loading class org/springframework/core/io/AbstractResource
Event: 0.904 loading class org/springframework/core/io/AbstractResource done
Event: 0.905 loading class java/net/URISyntaxException
Event: 0.905 loading class java/net/URISyntaxException done
Event: 0.905 Executing VM operation: Deoptimize


Dynamic libraries:
00400000-00401000 r-xp 00000000 08:01 20447717                           /usr/lib/jvm/java-9-oracle/bin/java
00600000-00601000 rw-p 00000000 08:01 20447717                           /usr/lib/jvm/java-9-oracle/bin/java
019a3000-019c4000 rw-p 00000000 00:00 0                                  [heap]
c3c00000-c7a00000 rw-p 00000000 00:00 0 
c7a00000-100000000 ---p 00000000 00:00 0 
100000000-100100000 rw-p 00000000 00:00 0 
100100000-140000000 ---p 00000000 00:00 0 
7fd0ac000000-7fd0ac021000 rw-p 00000000 00:00 0 
7fd0ac021000-7fd0b0000000 ---p 00000000 00:00 0 
7fd0b0000000-7fd0b0021000 rw-p 00000000 00:00 0 
7fd0b0021000-7fd0b4000000 ---p 00000000 00:00 0 
7fd0b4000000-7fd0b4021000 rw-p 00000000 00:00 0 
7fd0b4021000-7fd0b8000000 ---p 00000000 00:00 0 
7fd0b8000000-7fd0b8021000 rw-p 00000000 00:00 0 
7fd0b8021000-7fd0bc000000 ---p 00000000 00:00 0 
7fd0bc000000-7fd0bc1d4000 rw-p 00000000 00:00 0 
7fd0bc1d4000-7fd0c0000000 ---p 00000000 00:00 0 
7fd0c0000000-7fd0c0379000 rw-p 00000000 00:00 0 
7fd0c0379000-7fd0c4000000 ---p 00000000 00:00 0 
7fd0c4000000-7fd0c4021000 rw-p 00000000 00:00 0 
7fd0c4021000-7fd0c8000000 ---p 00000000 00:00 0 
7fd0c8000000-7fd0c82b2000 rw-p 00000000 00:00 0 
7fd0c82b2000-7fd0cc000000 ---p 00000000 00:00 0 
7fd0cc000000-7fd0cc021000 rw-p 00000000 00:00 0 
7fd0cc021000-7fd0d0000000 ---p 00000000 00:00 0 
7fd0d0000000-7fd0d0021000 rw-p 00000000 00:00 0 
7fd0d0021000-7fd0d4000000 ---p 00000000 00:00 0 
7fd0d4000000-7fd0d4021000 rw-p 00000000 00:00 0 
7fd0d4021000-7fd0d8000000 ---p 00000000 00:00 0 
7fd0d8000000-7fd0d8021000 rw-p 00000000 00:00 0 
7fd0d8021000-7fd0dc000000 ---p 00000000 00:00 0 
7fd0de1c4000-7fd0de5b2000 rw-p 00000000 00:00 0 
7fd0de5b2000-7fd0de6f2000 ---p 00000000 00:00 0 
7fd0de6f2000-7fd0de6f3000 ---p 00000000 00:00 0 
7fd0de6f3000-7fd0de7f3000 rw-p 00000000 00:00 0 
7fd0de7f3000-7fd0de7f7000 ---p 00000000 00:00 0 
7fd0de7f7000-7fd0de8f4000 rw-p 00000000 00:00 0 
7fd0de8f4000-7fd0de8f8000 ---p 00000000 00:00 0 
7fd0de8f8000-7fd0de9f5000 rw-p 00000000 00:00 0 
7fd0de9f5000-7fd0dea0b000 r-xp 00000000 08:01 20581616                   /usr/lib/jvm/java-9-oracle/lib/libnet.so
7fd0dea0b000-7fd0dec0b000 ---p 00016000 08:01 20581616                   /usr/lib/jvm/java-9-oracle/lib/libnet.so
7fd0dec0b000-7fd0dec0c000 rw-p 00016000 08:01 20581616                   /usr/lib/jvm/java-9-oracle/lib/libnet.so
7fd0dec0c000-7fd0dec1c000 r-xp 00000000 08:01 20583733                   /usr/lib/jvm/java-9-oracle/lib/libnio.so
7fd0dec1c000-7fd0dee1c000 ---p 00010000 08:01 20583733                   /usr/lib/jvm/java-9-oracle/lib/libnio.so
7fd0dee1c000-7fd0dee1d000 rw-p 00010000 08:01 20583733                   /usr/lib/jvm/java-9-oracle/lib/libnio.so
7fd0dee1d000-7fd0dee21000 ---p 00000000 00:00 0 
7fd0dee21000-7fd0def1e000 rw-p 00000000 00:00 0 
7fd0def1e000-7fd0def22000 ---p 00000000 00:00 0 
7fd0def22000-7fd0df01f000 rw-p 00000000 00:00 0 
7fd0df01f000-7fd0df023000 ---p 00000000 00:00 0 
7fd0df023000-7fd0df120000 rw-p 00000000 00:00 0 
7fd0df120000-7fd0df124000 ---p 00000000 00:00 0 
7fd0df124000-7fd0df221000 rw-p 00000000 00:00 0 
7fd0df221000-7fd0df225000 ---p 00000000 00:00 0 
7fd0df225000-7fd0df322000 rw-p 00000000 00:00 0 
7fd0df322000-7fd0df5fe000 r--p 00000000 08:01 20317451                   /usr/lib/locale/locale-archive
7fd0df5fe000-7fd0df602000 ---p 00000000 00:00 0 
7fd0df602000-7fd0df6ff000 rw-p 00000000 00:00 0 
7fd0df6ff000-7fd0df703000 ---p 00000000 00:00 0 
7fd0df703000-7fd0e0000000 rw-p 00000000 00:00 0 
7fd0e0000000-7fd0e0021000 rw-p 00000000 00:00 0 
7fd0e0021000-7fd0e4000000 ---p 00000000 00:00 0 
7fd0e40df000-7fd0e40e0000 ---p 00000000 00:00 0 
7fd0e40e0000-7fd0e41e0000 rw-p 00000000 00:00 0 
7fd0e41e0000-7fd0e61e0000 rwxp 00000000 00:00 0 
7fd0e61e0000-7fd0e62d8000 rw-p 00000000 00:00 0 
7fd0e62d8000-7fd0e70f0000 ---p 00000000 00:00 0 
7fd0e70f0000-7fd0e71e8000 rw-p 00000000 00:00 0 
7fd0e71e8000-7fd0e8000000 ---p 00000000 00:00 0 
7fd0e8000000-7fd0e8021000 rw-p 00000000 00:00 0 
7fd0e8021000-7fd0ec000000 ---p 00000000 00:00 0 
7fd0ec000000-7fd0ec021000 rw-p 00000000 00:00 0 
7fd0ec021000-7fd0f0000000 ---p 00000000 00:00 0 
7fd0f0000000-7fd0f0021000 rw-p 00000000 00:00 0 
7fd0f0021000-7fd0f4000000 ---p 00000000 00:00 0 
7fd0f4000000-7fd0f4021000 rw-p 00000000 00:00 0 
7fd0f4021000-7fd0f8000000 ---p 00000000 00:00 0 
7fd0f8000000-7fd0f8021000 rw-p 00000000 00:00 0 
7fd0f8021000-7fd0fc000000 ---p 00000000 00:00 0 
7fd0fc000000-7fd0fc021000 rw-p 00000000 00:00 0 
7fd0fc021000-7fd100000000 ---p 00000000 00:00 0 
7fd100000000-7fd100021000 rw-p 00000000 00:00 0 
7fd100021000-7fd104000000 ---p 00000000 00:00 0 
7fd104000000-7fd104021000 rw-p 00000000 00:00 0 
7fd104021000-7fd108000000 ---p 00000000 00:00 0 
7fd108000000-7fd108021000 rw-p 00000000 00:00 0 
7fd108021000-7fd10c000000 ---p 00000000 00:00 0 
7fd10c077000-7fd10c4ac000 rw-p 00000000 00:00 0 
7fd10c4ac000-7fd10c4ad000 ---p 00000000 00:00 0 
7fd10c4ad000-7fd10c5ad000 rw-p 00000000 00:00 0 
7fd10c5ad000-7fd10c5ae000 ---p 00000000 00:00 0 
7fd10c5ae000-7fd10c6cd000 rw-p 00000000 00:00 0 
7fd10c6cd000-7fd10c890000 ---p 00000000 00:00 0 
7fd10c890000-7fd10c8af000 rw-p 00000000 00:00 0 
7fd10c8af000-7fd10cc54000 ---p 00000000 00:00 0 
7fd10cc54000-7fd10cc73000 rw-p 00000000 00:00 0 
7fd10cc73000-7fd10ce36000 ---p 00000000 00:00 0 
7fd10ce36000-7fd10ce37000 ---p 00000000 00:00 0 
7fd10ce37000-7fd10cf37000 rw-p 00000000 00:00 0 
7fd10cf37000-7fd10cf38000 ---p 00000000 00:00 0 
7fd10cf38000-7fd10d038000 rw-p 00000000 00:00 0 
7fd10d038000-7fd10d039000 ---p 00000000 00:00 0 
7fd10d039000-7fd10d139000 rw-p 00000000 00:00 0 
7fd10d139000-7fd10d13a000 ---p 00000000 00:00 0 
7fd10d13a000-7fd10d23a000 rw-p 00000000 00:00 0 
7fd10d23a000-7fd10d23b000 ---p 00000000 00:00 0 
7fd10d23b000-7fd10d73f000 rw-p 00000000 00:00 0 
7fd10d73f000-7fd10d740000 ---p 00000000 00:00 0 
7fd10d740000-7fd10d840000 rw-p 00000000 00:00 0 
7fd10d840000-7fd10d841000 ---p 00000000 00:00 0 
7fd10d841000-7fd10d941000 rw-p 00000000 00:00 0 
7fd10d941000-7fd10d942000 ---p 00000000 00:00 0 
7fd10d942000-7fd10da42000 rw-p 00000000 00:00 0 
7fd10da42000-7fd10da43000 ---p 00000000 00:00 0 
7fd10da43000-7fd10db43000 rw-p 00000000 00:00 0 
7fd10db43000-7fd10ddb3000 rwxp 00000000 00:00 0 
7fd10ddb3000-7fd10e0d3000 ---p 00000000 00:00 0 
7fd10e0d3000-7fd10e343000 rwxp 00000000 00:00 0 
7fd10e343000-7fd11560b000 ---p 00000000 00:00 0 
7fd11560b000-7fd11587b000 rwxp 00000000 00:00 0 
7fd11587b000-7fd11cb43000 ---p 00000000 00:00 0 
7fd11cb43000-7fd128000000 r--s 00000000 08:01 20583714                   /usr/lib/jvm/java-9-oracle/lib/modules
7fd128000000-7fd128523000 rw-p 00000000 00:00 0 
7fd128523000-7fd12c000000 ---p 00000000 00:00 0 
7fd12c002000-7fd12c07d000 rw-p 00000000 00:00 0 
7fd12c07d000-7fd12c163000 ---p 00000000 00:00 0 
7fd12c163000-7fd12c168000 rw-p 00000000 00:00 0 
7fd12c168000-7fd12c24e000 ---p 00000000 00:00 0 
7fd12c24e000-7fd12c268000 r-xp 00000000 08:01 20580155                   /usr/lib/jvm/java-9-oracle/lib/libjimage.so
7fd12c268000-7fd12c467000 ---p 0001a000 08:01 20580155                   /usr/lib/jvm/java-9-oracle/lib/libjimage.so
7fd12c467000-7fd12c469000 rw-p 00019000 08:01 20580155                   /usr/lib/jvm/java-9-oracle/lib/libjimage.so
7fd12c469000-7fd12c47b000 rw-p 00000000 00:00 0 
7fd12c47b000-7fd12c482000 r-xp 00000000 08:01 20583741                   /usr/lib/jvm/java-9-oracle/lib/libzip.so
7fd12c482000-7fd12c681000 ---p 00007000 08:01 20583741                   /usr/lib/jvm/java-9-oracle/lib/libzip.so
7fd12c681000-7fd12c682000 rw-p 00006000 08:01 20583741                   /usr/lib/jvm/java-9-oracle/lib/libzip.so
7fd12c682000-7fd12c68d000 r-xp 00000000 08:01 14029423                   /lib/x86_64-linux-gnu/libnss_files-2.26.so
7fd12c68d000-7fd12c88c000 ---p 0000b000 08:01 14029423                   /lib/x86_64-linux-gnu/libnss_files-2.26.so
7fd12c88c000-7fd12c88d000 r--p 0000a000 08:01 14029423                   /lib/x86_64-linux-gnu/libnss_files-2.26.so
7fd12c88d000-7fd12c88e000 rw-p 0000b000 08:01 14029423                   /lib/x86_64-linux-gnu/libnss_files-2.26.so
7fd12c88e000-7fd12c894000 rw-p 00000000 00:00 0 
7fd12c894000-7fd12c89f000 r-xp 00000000 08:01 14029425                   /lib/x86_64-linux-gnu/libnss_nis-2.26.so
7fd12c89f000-7fd12ca9e000 ---p 0000b000 08:01 14029425                   /lib/x86_64-linux-gnu/libnss_nis-2.26.so
7fd12ca9e000-7fd12ca9f000 r--p 0000a000 08:01 14029425                   /lib/x86_64-linux-gnu/libnss_nis-2.26.so
7fd12ca9f000-7fd12caa0000 rw-p 0000b000 08:01 14029425                   /lib/x86_64-linux-gnu/libnss_nis-2.26.so
7fd12caa0000-7fd12cab7000 r-xp 00000000 08:01 14029420                   /lib/x86_64-linux-gnu/libnsl-2.26.so
7fd12cab7000-7fd12ccb6000 ---p 00017000 08:01 14029420                   /lib/x86_64-linux-gnu/libnsl-2.26.so
7fd12ccb6000-7fd12ccb7000 r--p 00016000 08:01 14029420                   /lib/x86_64-linux-gnu/libnsl-2.26.so
7fd12ccb7000-7fd12ccb8000 rw-p 00017000 08:01 14029420                   /lib/x86_64-linux-gnu/libnsl-2.26.so
7fd12ccb8000-7fd12ccba000 rw-p 00000000 00:00 0 
7fd12ccba000-7fd12ccc2000 r-xp 00000000 08:01 14029421                   /lib/x86_64-linux-gnu/libnss_compat-2.26.so
7fd12ccc2000-7fd12cec1000 ---p 00008000 08:01 14029421                   /lib/x86_64-linux-gnu/libnss_compat-2.26.so
7fd12cec1000-7fd12cec2000 r--p 00007000 08:01 14029421                   /lib/x86_64-linux-gnu/libnss_compat-2.26.so
7fd12cec2000-7fd12cec3000 rw-p 00008000 08:01 14029421                   /lib/x86_64-linux-gnu/libnss_compat-2.26.so
7fd12cec3000-7fd12ceee000 r-xp 00000000 08:01 20580172                   /usr/lib/jvm/java-9-oracle/lib/libjava.so
7fd12ceee000-7fd12d0ed000 ---p 0002b000 08:01 20580172                   /usr/lib/jvm/java-9-oracle/lib/libjava.so
7fd12d0ed000-7fd12d0ef000 rw-p 0002a000 08:01 20580172                   /usr/lib/jvm/java-9-oracle/lib/libjava.so
7fd12d0ef000-7fd12d0fc000 r-xp 00000000 08:01 20583699                   /usr/lib/jvm/java-9-oracle/lib/libverify.so
7fd12d0fc000-7fd12d2fb000 ---p 0000d000 08:01 20583699                   /usr/lib/jvm/java-9-oracle/lib/libverify.so
7fd12d2fb000-7fd12d2fd000 rw-p 0000c000 08:01 20583699                   /usr/lib/jvm/java-9-oracle/lib/libverify.so
7fd12d2fd000-7fd12d304000 r-xp 00000000 08:01 14029430                   /lib/x86_64-linux-gnu/librt-2.26.so
7fd12d304000-7fd12d503000 ---p 00007000 08:01 14029430                   /lib/x86_64-linux-gnu/librt-2.26.so
7fd12d503000-7fd12d504000 r--p 00006000 08:01 14029430                   /lib/x86_64-linux-gnu/librt-2.26.so
7fd12d504000-7fd12d505000 rw-p 00007000 08:01 14029430                   /lib/x86_64-linux-gnu/librt-2.26.so
7fd12d505000-7fd12d65a000 r-xp 00000000 08:01 14029417                   /lib/x86_64-linux-gnu/libm-2.26.so
7fd12d65a000-7fd12d859000 ---p 00155000 08:01 14029417                   /lib/x86_64-linux-gnu/libm-2.26.so
7fd12d859000-7fd12d85a000 r--p 00154000 08:01 14029417                   /lib/x86_64-linux-gnu/libm-2.26.so
7fd12d85a000-7fd12d85b000 rw-p 00155000 08:01 14029417                   /lib/x86_64-linux-gnu/libm-2.26.so
7fd12d85b000-7fd12e870000 r-xp 00000000 08:01 20971848                   /usr/lib/jvm/java-9-oracle/lib/server/libjvm.so
7fd12e870000-7fd12ea6f000 ---p 01015000 08:01 20971848                   /usr/lib/jvm/java-9-oracle/lib/server/libjvm.so
7fd12ea6f000-7fd12eb40000 r--p 01014000 08:01 20971848                   /usr/lib/jvm/java-9-oracle/lib/server/libjvm.so
7fd12eb40000-7fd12eb77000 rw-p 010e5000 08:01 20971848                   /usr/lib/jvm/java-9-oracle/lib/server/libjvm.so
7fd12eb77000-7fd12ebe0000 rw-p 00000000 00:00 0 
7fd12ebe0000-7fd12edb6000 r-xp 00000000 08:01 14029413                   /lib/x86_64-linux-gnu/libc-2.26.so
7fd12edb6000-7fd12efb6000 ---p 001d6000 08:01 14029413                   /lib/x86_64-linux-gnu/libc-2.26.so
7fd12efb6000-7fd12efba000 r--p 001d6000 08:01 14029413                   /lib/x86_64-linux-gnu/libc-2.26.so
7fd12efba000-7fd12efbc000 rw-p 001da000 08:01 14029413                   /lib/x86_64-linux-gnu/libc-2.26.so
7fd12efbc000-7fd12efc0000 rw-p 00000000 00:00 0 
7fd12efc0000-7fd12efc3000 r-xp 00000000 08:01 14029416                   /lib/x86_64-linux-gnu/libdl-2.26.so
7fd12efc3000-7fd12f1c2000 ---p 00003000 08:01 14029416                   /lib/x86_64-linux-gnu/libdl-2.26.so
7fd12f1c2000-7fd12f1c3000 r--p 00002000 08:01 14029416                   /lib/x86_64-linux-gnu/libdl-2.26.so
7fd12f1c3000-7fd12f1c4000 rw-p 00003000 08:01 14029416                   /lib/x86_64-linux-gnu/libdl-2.26.so
7fd12f1c4000-7fd12f1d2000 r-xp 00000000 08:01 20971850                   /usr/lib/jvm/java-9-oracle/lib/jli/libjli.so
7fd12f1d2000-7fd12f3d2000 ---p 0000e000 08:01 20971850                   /usr/lib/jvm/java-9-oracle/lib/jli/libjli.so
7fd12f3d2000-7fd12f3d3000 rw-p 0000e000 08:01 20971850                   /usr/lib/jvm/java-9-oracle/lib/jli/libjli.so
7fd12f3d3000-7fd12f3ed000 r-xp 00000000 08:01 14029428                   /lib/x86_64-linux-gnu/libpthread-2.26.so
7fd12f3ed000-7fd12f5ec000 ---p 0001a000 08:01 14029428                   /lib/x86_64-linux-gnu/libpthread-2.26.so
7fd12f5ec000-7fd12f5ed000 r--p 00019000 08:01 14029428                   /lib/x86_64-linux-gnu/libpthread-2.26.so
7fd12f5ed000-7fd12f5ee000 rw-p 0001a000 08:01 14029428                   /lib/x86_64-linux-gnu/libpthread-2.26.so
7fd12f5ee000-7fd12f5f2000 rw-p 00000000 00:00 0 
7fd12f5f2000-7fd12f60e000 r-xp 00000000 08:01 14029407                   /lib/x86_64-linux-gnu/libz.so.1.2.11
7fd12f60e000-7fd12f80d000 ---p 0001c000 08:01 14029407                   /lib/x86_64-linux-gnu/libz.so.1.2.11
7fd12f80d000-7fd12f80e000 r--p 0001b000 08:01 14029407                   /lib/x86_64-linux-gnu/libz.so.1.2.11
7fd12f80e000-7fd12f80f000 rw-p 0001c000 08:01 14029407                   /lib/x86_64-linux-gnu/libz.so.1.2.11
7fd12f80f000-7fd12f836000 r-xp 00000000 08:01 14029279                   /lib/x86_64-linux-gnu/ld-2.26.so
7fd12f838000-7fd12f919000 rw-p 00000000 00:00 0 
7fd12f919000-7fd12f91a000 ---p 00000000 00:00 0 
7fd12f91a000-7fd12f91e000 ---p 00000000 00:00 0 
7fd12f91e000-7fd12fa1e000 rw-p 00000000 00:00 0 
7fd12fa1f000-7fd12fa25000 rw-p 00000000 00:00 0 
7fd12fa25000-7fd12fa2c000 ---p 00000000 00:00 0 
7fd12fa2c000-7fd12fa34000 rw-s 00000000 08:01 27787274                   /tmp/hsperfdata_ubi-2/6434
7fd12fa34000-7fd12fa35000 rw-p 00000000 00:00 0 
7fd12fa35000-7fd12fa36000 ---p 00000000 00:00 0 
7fd12fa36000-7fd12fa37000 r--p 00027000 08:01 14029279                   /lib/x86_64-linux-gnu/ld-2.26.so
7fd12fa37000-7fd12fa38000 rw-p 00028000 08:01 14029279                   /lib/x86_64-linux-gnu/ld-2.26.so
7fd12fa38000-7fd12fa39000 rw-p 00000000 00:00 0 
7ffff75af000-7ffff75d1000 rw-p 00000000 00:00 0                          [stack]
7ffff75df000-7ffff75e2000 r--p 00000000 00:00 0                          [vvar]
7ffff75e2000-7ffff75e4000 r-xp 00000000 00:00 0                          [vdso]
ffffffffff600000-ffffffffff601000 r-xp 00000000 00:00 0                  [vsyscall]

VM Arguments:
jvm_args: -Dfile.encoding=UTF-8 
java_command: com.harsha.todolist.Application
java_class_path (initial): /home/ubi-2/Documents/workspace-sts-3.9.2.RELEASE/ToDoList/target/classes:/home/ubi-2/.m2/repository/org/springframework/boot/spring-boot-starter-web/2.0.0.RELEASE/spring-boot-starter-web-2.0.0.RELEASE.jar:/home/ubi-2/.m2/repository/org/springframework/boot/spring-boot-starter/2.0.0.RELEASE/spring-boot-starter-2.0.0.RELEASE.jar:/home/ubi-2/.m2/repository/org/springframework/boot/spring-boot-starter-logging/2.0.0.RELEASE/spring-boot-starter-logging-2.0.0.RELEASE.jar:/home/ubi-2/.m2/repository/ch/qos/logback/logback-classic/1.2.3/logback-classic-1.2.3.jar:/home/ubi-2/.m2/repository/ch/qos/logback/logback-core/1.2.3/logback-core-1.2.3.jar:/home/ubi-2/.m2/repository/org/apache/logging/log4j/log4j-to-slf4j/2.10.0/log4j-to-slf4j-2.10.0.jar:/home/ubi-2/.m2/repository/org/apache/logging/log4j/log4j-api/2.10.0/log4j-api-2.10.0.jar:/home/ubi-2/.m2/repository/org/slf4j/jul-to-slf4j/1.7.25/jul-to-slf4j-1.7.25.jar:/home/ubi-2/.m2/repository/javax/annotation/javax.annotation-api/1.3.2/javax.annotation-api-1.3.2.jar:/home/ubi-2/.m2/repository/org/springframework/spring-core/5.0.4.RELEASE/spring-core-5.0.4.RELEASE.jar:/home/ubi-2/.m2/repository/org/springframework/spring-jcl/5.0.4.RELEASE/spring-jcl-5.0.4.RELEASE.jar:/home/ubi-2/.m2/repository/org/yaml/snakeyaml/1.19/snakeyaml-1.19.jar:/home/ubi-2/.m2/repository/org/springframework/boot/spring-boot-starter-json/2.0.0.RELEASE/spring-boot-starter-json-2.0.0.RELEASE.jar:/home/ubi-2/.m2/repository/com/fasterxml/jackson/core/jackson-databind/2.9.4/jackson-databind-2.9.4.jar:/home/ubi-2/.m2/repository/com/fasterxml/jackson/core/jackson-annotations/2.9.0/jackson-annotations-2.9.0.jar:/home/ubi-2/.m2/repository/com/fasterxml/jackson/core/jackson-core/2.9.4/jackson-core-2.9.4.jar:/home/ubi-2/.m2/repository/com/fasterxml/jackson/datatype/jackson-datatype-jdk8/2.9.4/jackson-datatype-jdk8-2.9.4.jar:/home/ubi-2/.m2/repository/com/fasterxml/jackson/datatype/jackson-datatype-jsr310/2.9.4/jackson-datatype-jsr310-2.9.4.
Launcher Type: SUN_STANDARD

Logging:
Log output configuration:
#0: stdout all=warning uptime,level,tags
#1: stderr all=off uptime,level,tags

Environment Variables:
JAVA_HOME=/usr/lib/jvm/java-8-oracle
PATH=/usr/local/sbin:/usr/local/bin:/usr/sbin:/usr/bin:/sbin:/bin:/usr/games:/usr/local/games:/snap/bin:/usr/lib/jvm/java-8-oracle/bin:/usr/lib/jvm/java-8-oracle/db/bin:/usr/lib/jvm/java-8-oracle/jre/bin
USERNAME=ubi-2
SHELL=/bin/bash
DISPLAY=:0

Signal Handlers:
SIGSEGV: [libjvm.so+0xd4d370], sa_mask[0]=11111111011111111101111111111110, sa_flags=SA_RESTART|SA_SIGINFO
SIGBUS: [libjvm.so+0xd4d370], sa_mask[0]=11111111011111111101111111111110, sa_flags=SA_RESTART|SA_SIGINFO
SIGFPE: [libjvm.so+0xd4d370], sa_mask[0]=11111111011111111101111111111110, sa_flags=SA_RESTART|SA_SIGINFO
SIGPIPE: [libjvm.so+0xb64780], sa_mask[0]=11111111011111111101111111111110, sa_flags=SA_RESTART|SA_SIGINFO
SIGXFSZ: [libjvm.so+0xb64780], sa_mask[0]=11111111011111111101111111111110, sa_flags=SA_RESTART|SA_SIGINFO
SIGILL: [libjvm.so+0xd4d370], sa_mask[0]=11111111011111111101111111111110, sa_flags=SA_RESTART|SA_SIGINFO
SIGUSR2: [libjvm.so+0xb64640], sa_mask[0]=00100000000000000000000000000000, sa_flags=SA_RESTART|SA_SIGINFO
SIGHUP: [libjvm.so+0xb64850], sa_mask[0]=11111111011111111101111111111110, sa_flags=SA_RESTART|SA_SIGINFO
SIGINT: [libjvm.so+0xb64850], sa_mask[0]=11111111011111111101111111111110, sa_flags=SA_RESTART|SA_SIGINFO
SIGTERM: [libjvm.so+0xb64850], sa_mask[0]=11111111011111111101111111111110, sa_flags=SA_RESTART|SA_SIGINFO
SIGQUIT: [libjvm.so+0xb64850], sa_mask[0]=11111111011111111101111111111110, sa_flags=SA_RESTART|SA_SIGINFO


---------------  S Y S T E M  ---------------

OS:DISTRIB_ID=Ubuntu
DISTRIB_RELEASE=17.10
DISTRIB_CODENAME=artful
DISTRIB_DESCRIPTION="Ubuntu 17.10"
uname:Linux 4.13.0-21-generic #24-Ubuntu SMP Mon Dec 18 17:29:16 UTC 2017 x86_64
libc:glibc 2.26 NPTL 2.26 
rlimit: STACK 8192k, CORE 0k, NPROC 15208, NOFILE 4096, AS infinity
load average:3.67 2.59 2.24

/proc/meminfo:
MemTotal:        3946296 kB
MemFree:          165956 kB
MemAvailable:    1157160 kB
Buffers:           56136 kB
Cached:          1148364 kB
SwapCached:        69064 kB
Active:          2502304 kB
Inactive:        1010472 kB
Active(anon):    1798704 kB
Inactive(anon):   554996 kB
Active(file):     703600 kB
Inactive(file):   455476 kB
Unevictable:          48 kB
Mlocked:              48 kB
SwapTotal:       2097148 kB
SwapFree:        1318240 kB
Dirty:              1136 kB
Writeback:             0 kB
AnonPages:       2279948 kB
Mapped:           335972 kB
Shmem:            282804 kB
Slab:             120632 kB
SReclaimable:      69720 kB
SUnreclaim:        50912 kB
KernelStack:       14960 kB
PageTables:        59600 kB
NFS_Unstable:          0 kB
Bounce:                0 kB
WritebackTmp:          0 kB
CommitLimit:     4070296 kB
Committed_AS:    9633996 kB
VmallocTotal:   34359738367 kB
VmallocUsed:           0 kB
VmallocChunk:          0 kB
HardwareCorrupted:     0 kB
AnonHugePages:         0 kB
ShmemHugePages:        0 kB
ShmemPmdMapped:        0 kB
CmaTotal:              0 kB
CmaFree:               0 kB
HugePages_Total:       0
HugePages_Free:        0
HugePages_Rsvd:        0
HugePages_Surp:        0
Hugepagesize:       2048 kB
DirectMap4k:      251284 kB
DirectMap2M:     3846144 kB
DirectMap1G:           0 kB


CPU:total 4 (initial active 4) (2 cores per cpu, 2 threads per core) family 6 model 61 stepping 4, cmov, cx8, fxsr, mmx, sse, sse2, sse3, ssse3, sse4.1, sse4.2, popcnt, avx, avx2, aes, clmul, erms, 3dnowpref, lzcnt, ht, tsc, tscinvbit, bmi1, bmi2, adx, fma
CPU Model and flags from /proc/cpuinfo:
model name	: Intel(R) Core(TM) i3-5005U CPU @ 2.00GHz
flags		: fpu vme de pse tsc msr pae mce cx8 apic sep mtrr pge mca cmov pat pse36 clflush dts acpi mmx fxsr sse sse2 ss ht tm pbe syscall nx pdpe1gb rdtscp lm constant_tsc arch_perfmon pebs bts rep_good nopl xtopology nonstop_tsc cpuid aperfmperf pni pclmulqdq dtes64 monitor ds_cpl vmx est tm2 ssse3 sdbg fma cx16 xtpr pdcm pcid sse4_1 sse4_2 x2apic movbe popcnt tsc_deadline_timer aes xsave avx f16c rdrand lahf_lm abm 3dnowprefetch cpuid_fault epb intel_pt tpr_shadow vnmi flexpriority ept vpid fsgsbase tsc_adjust bmi1 avx2 smep bmi2 erms invpcid rdseed adx smap xsaveopt dtherm arat pln pts

Memory: 4k page, physical 3946296k(165956k free), swap 2097148k(1318240k free)

vm_info: Java HotSpot(TM) 64-Bit Server VM (9.0.4+11) for linux-amd64 JRE (9.0.4+11), built on Dec 19 2017 18:12:19 by "mach5one" with gcc 4.9.2

END.
