#
# A fatal error has been detected by the Java Runtime Environment:
#
#  SIGSEGV (0xb) at pc=0x00007f79bfc45aa9, pid=6365, tid=6383
#
# JRE version: Java(TM) SE Runtime Environment (9.0+11) (build 9.0.4+11)
# Java VM: Java HotSpot(TM) 64-Bit Server VM (9.0.4+11, mixed mode, tiered, compressed oops, g1 gc, linux-amd64)
# Problematic frame:
# V  [libjvm.so+0xcaeaa9]  ObjectSynchronizer::deflate_idle_monitors()+0x549
#
# Core dump will be written. Default location: Core dumps may be processed with "/usr/share/apport/apport %p %s %c %d %P" (or dumping to /home/ubi-2/Documents/workspace-sts-3.9.2.RELEASE/ToDoList/core.6365)
#
# If you would like to submit a bug report, please visit:
#   http://bugreport.java.com/bugreport/crash.jsp
#

---------------  S U M M A R Y ------------

Command Line: -Dfile.encoding=UTF-8 com.harsha.todolist.Application

Host: Intel(R) Core(TM) i3-5005U CPU @ 2.00GHz, 4 cores, 3G, Ubuntu 17.10
Time: Sat Mar 24 10:01:34 2018 IST elapsed time: 0 seconds (0d 0h 0m 0s)

---------------  T H R E A D  ---------------

Current thread (0x00007f79b80eb800):  VMThread "VM Thread" [stack: 0x00007f7974ff0000,0x00007f79750f0000] [id=6383]

Stack: [0x00007f7974ff0000,0x00007f79750f0000],  sp=0x00007f79750eeab0,  free space=1018k
Native frames: (J=compiled Java code, A=aot compiled Java code, j=interpreted, Vv=VM code, C=native code)
V  [libjvm.so+0xcaeaa9]  ObjectSynchronizer::deflate_idle_monitors()+0x549
V  [libjvm.so+0xc2685f]  SafepointSynchronize::do_cleanup_tasks()+0x7f
V  [libjvm.so+0xc27a16]  SafepointSynchronize::begin()+0xe46
V  [libjvm.so+0xd5b7a1]  VMThread::loop()+0x201
V  [libjvm.so+0xd5bcc2]  VMThread::run()+0x72
V  [libjvm.so+0xb6e132]  thread_native_entry(Thread*)+0xf2


siginfo: si_signo: 11 (SIGSEGV), si_code: 1 (SEGV_MAPERR), si_addr: 0x0000000000000001

Register to memory mapping:

RAX=0x0000000000000001 is an unknown value
RBX=0x0000000000000000 is an unknown value
RCX=0x0000000000000000 is an unknown value
RDX=0x0000000000000000 is an unknown value
RSP=0x00007f79750eeab0 is an unknown value
RBP=0x00007f79750eeb30 is an unknown value
RSI=0x0000000000000000 is an unknown value
RDI=0x0000000000000000 is an unknown value
R8 =0x0000000000000001 is an unknown value
R9 =0x0000000000000001 is an unknown value
R10=0x00007f79750eeb70 is an unknown value
R11=0x0000000000000001 is an unknown value
R12=0x00007f79b80f5800 is a thread
R13=0x0000000000000000 is an unknown value
R14=0x00007f79750eeaf0 is an unknown value
R15=0x00007f7960002e00 is an unknown value


Registers:
RAX=0x0000000000000001, RBX=0x0000000000000000, RCX=0x0000000000000000, RDX=0x0000000000000000
RSP=0x00007f79750eeab0, RBP=0x00007f79750eeb30, RSI=0x0000000000000000, RDI=0x0000000000000000
R8 =0x0000000000000001, R9 =0x0000000000000001, R10=0x00007f79750eeb70, R11=0x0000000000000001
R12=0x00007f79b80f5800, R13=0x0000000000000000, R14=0x00007f79750eeaf0, R15=0x00007f7960002e00
RIP=0x00007f79bfc45aa9, EFLAGS=0x0000000000010246, CSGSFS=0x002b000000000033, ERR=0x0000000000000006
  TRAPNO=0x000000000000000e

Top of Stack: (sp=0x00007f79750eeab0)
0x00007f79750eeab0:   0000000000000003 00007f79b80ee750
0x00007f79750eeac0:   00007f79b80ee728 00007f7900000000
0x00007f79750eead0:   00007f79bfd7115d 78b11c3a00000001
0x00007f79750eeae0:   0000000200000004 00007f79750eeaf8 

Instructions: (pc=0x00007f79bfc45aa9)
0x00007f79bfc45a89:   00 20 00 20 00 20 00 20 00 20 00 20 00 20 00 20
0x00007f79bfc45a99:   00 20 00 20 00 20 00 20 00 20 00 20 00 20 00 20
0x00007f79bfc45aa9:   00 20 00 20 00 20 00 20 00 20 00 20 00 20 00 20
0x00007f79bfc45ab9:   00 20 00 20 00 20 00 20 00 20 00 20 00 20 00 20 

VM_Operation (0x00007f79c1151dc0): Deoptimize, mode: safepoint, requested by thread 0x00007f79b8013800


---------------  P R O C E S S  ---------------

Java Threads: ( => current thread )
  0x00007f79b81c2000 JavaThread "Service Thread" daemon [_thread_blocked, id=6392, stack(0x00007f7947eff000,0x00007f7948000000)]
  0x00007f79b812e800 JavaThread "Common-Cleaner" daemon [_thread_blocked, id=6391, stack(0x00007f79740e3000,0x00007f79741e4000)]
  0x00007f79b8120000 JavaThread "Sweeper thread" daemon [_thread_blocked, id=6390, stack(0x00007f797460c000,0x00007f797470d000)]
  0x00007f79b811e800 JavaThread "C1 CompilerThread2" daemon [_thread_blocked, id=6389, stack(0x00007f797470d000,0x00007f797480e000)]
  0x00007f79b811c800 JavaThread "C2 CompilerThread1" daemon [_thread_blocked, id=6388, stack(0x00007f797480e000,0x00007f797490f000)]
  0x00007f79b8118800 JavaThread "C2 CompilerThread0" daemon [_thread_blocked, id=6387, stack(0x00007f797490f000,0x00007f7974a10000)]
  0x00007f79b811a000 JavaThread "Signal Dispatcher" daemon [_thread_blocked, id=6386, stack(0x00007f7974a10000,0x00007f7974b11000)]
  0x00007f79b80fd800 JavaThread "Finalizer" daemon [_thread_blocked, id=6385, stack(0x00007f7974ded000,0x00007f7974eee000)]
  0x00007f79b80f5800 JavaThread "Reference Handler" daemon [_thread_blocked, id=6384, stack(0x00007f7974eee000,0x00007f7974fef000)]
  0x00007f79b8013800 JavaThread "main" [_thread_blocked, id=6367, stack(0x00007f79c1056000,0x00007f79c1156000)]

Other Threads:
=>0x00007f79b80eb800 VMThread "VM Thread" [stack: 0x00007f7974ff0000,0x00007f79750f0000] [id=6383]
  0x00007f79b81c5000 WatcherThread [stack: 0x00007f7947dff000,0x00007f7947eff000] [id=6393]
  0x00007f79b802b000 GCTaskThread "GC Thread#0" [stack: 0x00007f79bd6b4000,0x00007f79bd7b4000] [id=6368]
  0x00007f79b802c800 GCTaskThread "GC Thread#1" [stack: 0x00007f79bd5b3000,0x00007f79bd6b3000] [id=6369]
  0x00007f79b802e800 GCTaskThread "GC Thread#2" [stack: 0x00007f79bd4b2000,0x00007f79bd5b2000] [id=6370]
  0x00007f79b8030000 GCTaskThread "GC Thread#3" [stack: 0x00007f79bd3b1000,0x00007f79bd4b1000] [id=6371]
  0x00007f79b804e000 ConcurrentGCThread "G1 Main Marker" [stack: 0x00007f79bc21f000,0x00007f79bc31f000] [id=6377]
  0x00007f79b8050000 ConcurrentGCThread "G1 Marker#0" [stack: 0x00007f79bc11e000,0x00007f79bc21e000] [id=6378]
  0x00007f79b8037800 ConcurrentGCThread "G1 Refine#0" [stack: 0x00007f79bcba9000,0x00007f79bcca9000] [id=6375]
  0x00007f79b8035800 ConcurrentGCThread "G1 Refine#1" [stack: 0x00007f79bccaa000,0x00007f79bcdaa000] [id=6374]
  0x00007f79b8034000 ConcurrentGCThread "G1 Refine#2" [stack: 0x00007f79bcdab000,0x00007f79bceab000] [id=6373]
  0x00007f79b8032000 ConcurrentGCThread "G1 Refine#3" [stack: 0x00007f79bceac000,0x00007f79bcfac000] [id=6372]
  0x00007f79b8039000 ConcurrentGCThread "G1 Young RemSet Sampling" [stack: 0x00007f79bcaa8000,0x00007f79bcba8000] [id=6376]

Threads with active compile tasks:
C2 CompilerThread1 142       4       java.lang.String::coder (15 bytes)

VM state:at safepoint (normal execution)

VM Mutex/Monitor currently owned by a thread:  ([mutex/lock_event])
[0x00007f79b800fe40] Safepoint_lock - owner thread: 0x00007f79b80eb800
[0x00007f79b800fed0] Threads_lock - owner thread: 0x00007f79b80eb800
[0x00007f79b8010a10] Compile_lock - owner thread: 0x00007f79b8013800

Heap address: 0x00000000c3c00000, size: 964 MB, Compressed Oops mode: 32-bit
Narrow klass base: 0x0000000000000000, Narrow klass shift: 3
Compressed class space size: 1073741824 Address: 0x0000000100000000

Heap:
 garbage-first heap   total 63488K, used 1024K [0x00000000c3c00000, 0x00000000c3d001f0, 0x0000000100000000)
  region size 1024K, 2 young (2048K), 0 survivors (0K)
 Metaspace       used 4183K, capacity 4486K, committed 4864K, reserved 1056768K
  class space    used 357K, capacity 386K, committed 512K, reserved 1048576K
Heap Regions: E=young(eden), S=young(survivor), O=old, HS=humongous(starts), HC=humongous(continues), CS=collection set, F=free, A=archive, TS=gc time stamp, AC=allocation context, TAMS=top-at-mark-start (previous, next)
|   0|0x00000000c3c00000, 0x00000000c3c00000, 0x00000000c3d00000|  0%| F|  |TS  0|AC  0|TAMS 0x00000000c3c00000, 0x00000000c3c00000|
|   1|0x00000000c3d00000, 0x00000000c3d00000, 0x00000000c3e00000|  0%| F|  |TS  0|AC  0|TAMS 0x00000000c3d00000, 0x00000000c3d00000|
|   2|0x00000000c3e00000, 0x00000000c3e00000, 0x00000000c3f00000|  0%| F|  |TS  0|AC  0|TAMS 0x00000000c3e00000, 0x00000000c3e00000|
|   3|0x00000000c3f00000, 0x00000000c3f00000, 0x00000000c4000000|  0%| F|  |TS  0|AC  0|TAMS 0x00000000c3f00000, 0x00000000c3f00000|
|   4|0x00000000c4000000, 0x00000000c4000000, 0x00000000c4100000|  0%| F|  |TS  0|AC  0|TAMS 0x00000000c4000000, 0x00000000c4000000|
|   5|0x00000000c4100000, 0x00000000c4100000, 0x00000000c4200000|  0%| F|  |TS  0|AC  0|TAMS 0x00000000c4100000, 0x00000000c4100000|
|   6|0x00000000c4200000, 0x00000000c4200000, 0x00000000c4300000|  0%| F|  |TS  0|AC  0|TAMS 0x00000000c4200000, 0x00000000c4200000|
|   7|0x00000000c4300000, 0x00000000c4300000, 0x00000000c4400000|  0%| F|  |TS  0|AC  0|TAMS 0x00000000c4300000, 0x00000000c4300000|
|   8|0x00000000c4400000, 0x00000000c4400000, 0x00000000c4500000|  0%| F|  |TS  0|AC  0|TAMS 0x00000000c4400000, 0x00000000c4400000|
|   9|0x00000000c4500000, 0x00000000c4500000, 0x00000000c4600000|  0%| F|  |TS  0|AC  0|TAMS 0x00000000c4500000, 0x00000000c4500000|
|  10|0x00000000c4600000, 0x00000000c4600000, 0x00000000c4700000|  0%| F|  |TS  0|AC  0|TAMS 0x00000000c4600000, 0x00000000c4600000|
|  11|0x00000000c4700000, 0x00000000c4700000, 0x00000000c4800000|  0%| F|  |TS  0|AC  0|TAMS 0x00000000c4700000, 0x00000000c4700000|
|  12|0x00000000c4800000, 0x00000000c4800000, 0x00000000c4900000|  0%| F|  |TS  0|AC  0|TAMS 0x00000000c4800000, 0x00000000c4800000|
|  13|0x00000000c4900000, 0x00000000c4900000, 0x00000000c4a00000|  0%| F|  |TS  0|AC  0|TAMS 0x00000000c4900000, 0x00000000c4900000|
|  14|0x00000000c4a00000, 0x00000000c4a00000, 0x00000000c4b00000|  0%| F|  |TS  0|AC  0|TAMS 0x00000000c4a00000, 0x00000000c4a00000|
|  15|0x00000000c4b00000, 0x00000000c4b00000, 0x00000000c4c00000|  0%| F|  |TS  0|AC  0|TAMS 0x00000000c4b00000, 0x00000000c4b00000|
|  16|0x00000000c4c00000, 0x00000000c4c00000, 0x00000000c4d00000|  0%| F|  |TS  0|AC  0|TAMS 0x00000000c4c00000, 0x00000000c4c00000|
|  17|0x00000000c4d00000, 0x00000000c4d00000, 0x00000000c4e00000|  0%| F|  |TS  0|AC  0|TAMS 0x00000000c4d00000, 0x00000000c4d00000|
|  18|0x00000000c4e00000, 0x00000000c4e00000, 0x00000000c4f00000|  0%| F|  |TS  0|AC  0|TAMS 0x00000000c4e00000, 0x00000000c4e00000|
|  19|0x00000000c4f00000, 0x00000000c4f00000, 0x00000000c5000000|  0%| F|  |TS  0|AC  0|TAMS 0x00000000c4f00000, 0x00000000c4f00000|
|  20|0x00000000c5000000, 0x00000000c5000000, 0x00000000c5100000|  0%| F|  |TS  0|AC  0|TAMS 0x00000000c5000000, 0x00000000c5000000|
|  21|0x00000000c5100000, 0x00000000c5100000, 0x00000000c5200000|  0%| F|  |TS  0|AC  0|TAMS 0x00000000c5100000, 0x00000000c5100000|
|  22|0x00000000c5200000, 0x00000000c5200000, 0x00000000c5300000|  0%| F|  |TS  0|AC  0|TAMS 0x00000000c5200000, 0x00000000c5200000|
|  23|0x00000000c5300000, 0x00000000c5300000, 0x00000000c5400000|  0%| F|  |TS  0|AC  0|TAMS 0x00000000c5300000, 0x00000000c5300000|
|  24|0x00000000c5400000, 0x00000000c5400000, 0x00000000c5500000|  0%| F|  |TS  0|AC  0|TAMS 0x00000000c5400000, 0x00000000c5400000|
|  25|0x00000000c5500000, 0x00000000c5500000, 0x00000000c5600000|  0%| F|  |TS  0|AC  0|TAMS 0x00000000c5500000, 0x00000000c5500000|
|  26|0x00000000c5600000, 0x00000000c5600000, 0x00000000c5700000|  0%| F|  |TS  0|AC  0|TAMS 0x00000000c5600000, 0x00000000c5600000|
|  27|0x00000000c5700000, 0x00000000c5700000, 0x00000000c5800000|  0%| F|  |TS  0|AC  0|TAMS 0x00000000c5700000, 0x00000000c5700000|
|  28|0x00000000c5800000, 0x00000000c5800000, 0x00000000c5900000|  0%| F|  |TS  0|AC  0|TAMS 0x00000000c5800000, 0x00000000c5800000|
|  29|0x00000000c5900000, 0x00000000c5900000, 0x00000000c5a00000|  0%| F|  |TS  0|AC  0|TAMS 0x00000000c5900000, 0x00000000c5900000|
|  30|0x00000000c5a00000, 0x00000000c5a00000, 0x00000000c5b00000|  0%| F|  |TS  0|AC  0|TAMS 0x00000000c5a00000, 0x00000000c5a00000|
|  31|0x00000000c5b00000, 0x00000000c5b00000, 0x00000000c5c00000|  0%| F|  |TS  0|AC  0|TAMS 0x00000000c5b00000, 0x00000000c5b00000|
|  32|0x00000000c5c00000, 0x00000000c5c00000, 0x00000000c5d00000|  0%| F|  |TS  0|AC  0|TAMS 0x00000000c5c00000, 0x00000000c5c00000|
|  33|0x00000000c5d00000, 0x00000000c5d00000, 0x00000000c5e00000|  0%| F|  |TS  0|AC  0|TAMS 0x00000000c5d00000, 0x00000000c5d00000|
|  34|0x00000000c5e00000, 0x00000000c5e00000, 0x00000000c5f00000|  0%| F|  |TS  0|AC  0|TAMS 0x00000000c5e00000, 0x00000000c5e00000|
|  35|0x00000000c5f00000, 0x00000000c5f00000, 0x00000000c6000000|  0%| F|  |TS  0|AC  0|TAMS 0x00000000c5f00000, 0x00000000c5f00000|
|  36|0x00000000c6000000, 0x00000000c6000000, 0x00000000c6100000|  0%| F|  |TS  0|AC  0|TAMS 0x00000000c6000000, 0x00000000c6000000|
|  37|0x00000000c6100000, 0x00000000c6100000, 0x00000000c6200000|  0%| F|  |TS  0|AC  0|TAMS 0x00000000c6100000, 0x00000000c6100000|
|  38|0x00000000c6200000, 0x00000000c6200000, 0x00000000c6300000|  0%| F|  |TS  0|AC  0|TAMS 0x00000000c6200000, 0x00000000c6200000|
|  39|0x00000000c6300000, 0x00000000c6300000, 0x00000000c6400000|  0%| F|  |TS  0|AC  0|TAMS 0x00000000c6300000, 0x00000000c6300000|
|  40|0x00000000c6400000, 0x00000000c6400000, 0x00000000c6500000|  0%| F|  |TS  0|AC  0|TAMS 0x00000000c6400000, 0x00000000c6400000|
|  41|0x00000000c6500000, 0x00000000c6500000, 0x00000000c6600000|  0%| F|  |TS  0|AC  0|TAMS 0x00000000c6500000, 0x00000000c6500000|
|  42|0x00000000c6600000, 0x00000000c6600000, 0x00000000c6700000|  0%| F|  |TS  0|AC  0|TAMS 0x00000000c6600000, 0x00000000c6600000|
|  43|0x00000000c6700000, 0x00000000c6700000, 0x00000000c6800000|  0%| F|  |TS  0|AC  0|TAMS 0x00000000c6700000, 0x00000000c6700000|
|  44|0x00000000c6800000, 0x00000000c6800000, 0x00000000c6900000|  0%| F|  |TS  0|AC  0|TAMS 0x00000000c6800000, 0x00000000c6800000|
|  45|0x00000000c6900000, 0x00000000c6900000, 0x00000000c6a00000|  0%| F|  |TS  0|AC  0|TAMS 0x00000000c6900000, 0x00000000c6900000|
|  46|0x00000000c6a00000, 0x00000000c6a00000, 0x00000000c6b00000|  0%| F|  |TS  0|AC  0|TAMS 0x00000000c6a00000, 0x00000000c6a00000|
|  47|0x00000000c6b00000, 0x00000000c6b00000, 0x00000000c6c00000|  0%| F|  |TS  0|AC  0|TAMS 0x00000000c6b00000, 0x00000000c6b00000|
|  48|0x00000000c6c00000, 0x00000000c6c00000, 0x00000000c6d00000|  0%| F|  |TS  0|AC  0|TAMS 0x00000000c6c00000, 0x00000000c6c00000|
|  49|0x00000000c6d00000, 0x00000000c6d00000, 0x00000000c6e00000|  0%| F|  |TS  0|AC  0|TAMS 0x00000000c6d00000, 0x00000000c6d00000|
|  50|0x00000000c6e00000, 0x00000000c6e00000, 0x00000000c6f00000|  0%| F|  |TS  0|AC  0|TAMS 0x00000000c6e00000, 0x00000000c6e00000|
|  51|0x00000000c6f00000, 0x00000000c6f00000, 0x00000000c7000000|  0%| F|  |TS  0|AC  0|TAMS 0x00000000c6f00000, 0x00000000c6f00000|
|  52|0x00000000c7000000, 0x00000000c7000000, 0x00000000c7100000|  0%| F|  |TS  0|AC  0|TAMS 0x00000000c7000000, 0x00000000c7000000|
|  53|0x00000000c7100000, 0x00000000c7100000, 0x00000000c7200000|  0%| F|  |TS  0|AC  0|TAMS 0x00000000c7100000, 0x00000000c7100000|
|  54|0x00000000c7200000, 0x00000000c7200000, 0x00000000c7300000|  0%| F|  |TS  0|AC  0|TAMS 0x00000000c7200000, 0x00000000c7200000|
|  55|0x00000000c7300000, 0x00000000c7300000, 0x00000000c7400000|  0%| F|  |TS  0|AC  0|TAMS 0x00000000c7300000, 0x00000000c7300000|
|  56|0x00000000c7400000, 0x00000000c7400000, 0x00000000c7500000|  0%| F|  |TS  0|AC  0|TAMS 0x00000000c7400000, 0x00000000c7400000|
|  57|0x00000000c7500000, 0x00000000c7500000, 0x00000000c7600000|  0%| F|  |TS  0|AC  0|TAMS 0x00000000c7500000, 0x00000000c7500000|
|  58|0x00000000c7600000, 0x00000000c7600000, 0x00000000c7700000|  0%| F|  |TS  0|AC  0|TAMS 0x00000000c7600000, 0x00000000c7600000|
|  59|0x00000000c7700000, 0x00000000c7700000, 0x00000000c7800000|  0%| F|  |TS  0|AC  0|TAMS 0x00000000c7700000, 0x00000000c7700000|
|  60|0x00000000c7800000, 0x00000000c7893de0, 0x00000000c7900000| 57%| E|  |TS  0|AC  0|TAMS 0x00000000c7800000, 0x00000000c7800000|
|  61|0x00000000c7900000, 0x00000000c7a00000, 0x00000000c7a00000|100%| E|CS|TS  0|AC  0|TAMS 0x00000000c7900000, 0x00000000c7900000|

Card table byte_map: [0x00007f79bc501000,0x00007f79bc6e3000] byte_map_base: 0x00007f79bbee3000

Marking Bits (Prev, Next): (CMBitMap*) 0x00007f79b804d480, (CMBitMap*) 0x00007f79b804d4b8
 Prev Bits: [0x00007f799cc33000, 0x00007f799db43000)
 Next Bits: [0x00007f79770f0000, 0x00007f7978000000)

Polling page: 0x00007f79c1171000

CodeHeap 'non-profiled nmethods': size=120032Kb used=44Kb max_used=44Kb free=119987Kb
 bounds [0x00007f79a560b000, 0x00007f79a587b000, 0x00007f79acb43000]
CodeHeap 'profiled nmethods': size=120032Kb used=191Kb max_used=191Kb free=119840Kb
 bounds [0x00007f799e0d3000, 0x00007f799e343000, 0x00007f79a560b000]
CodeHeap 'non-nmethods': size=5696Kb used=1136Kb max_used=1144Kb free=4559Kb
 bounds [0x00007f799db43000, 0x00007f799ddb3000, 0x00007f799e0d3000]
 total_blobs=467 nmethods=141 adapters=168
 compilation: enabled

Compilation events (10 events):
Event: 0.397 Thread 0x00007f79b811e800 nmethod 138 0x00007f799e100290 code [0x00007f799e100480, 0x00007f799e1007b8]
Event: 0.397 Thread 0x00007f79b811e800  139       3       java.util.HashMap::containsKey (18 bytes)
Event: 0.398 Thread 0x00007f79b811e800 nmethod 139 0x00007f799e100990 code [0x00007f799e100b60, 0x00007f799e100f58]
Event: 0.398 Thread 0x00007f79b811e800  137       3       java.lang.System::getSecurityManager (4 bytes)
Event: 0.398 Thread 0x00007f79b811e800 nmethod 137 0x00007f799e101090 code [0x00007f799e101240, 0x00007f799e101370]
Event: 0.401 Thread 0x00007f79b811e800  140       3       java.lang.String::startsWith (138 bytes)
Event: 0.403 Thread 0x00007f79b811e800 nmethod 140 0x00007f799e101410 code [0x00007f799e101640, 0x00007f799e1022d0]
Event: 0.403 Thread 0x00007f79b811e800  141       3       java.lang.AbstractStringBuilder::ensureCapacityInternal (39 bytes)
Event: 0.403 Thread 0x00007f79b811e800 nmethod 141 0x00007f799e102610 code [0x00007f799e102800, 0x00007f799e102cb8]
Event: 0.404 Thread 0x00007f79b811c800  142       4       java.lang.String::coder (15 bytes)

GC Heap History (0 events):
No events

Deoptimization events (1 events):
Event: 0.312 Thread 0x00007f79b8013800 Uncommon trap: reason=range_check action=reinterpret pc=0x00007f79a560e7d0 method=java.lang.StringLatin1.indexOf([BII)I @ 13 c2

Classes redefined (0 events):
No events

Internal exceptions (0 events):
No events

Events (10 events):
Event: 0.403 loading class java/util/zip/ZipConstants
Event: 0.403 loading class java/util/zip/ZipConstants done
Event: 0.403 loading class java/util/zip/ZipFile done
Event: 0.403 loading class java/util/zip/ZipFile$1
Event: 0.403 loading class jdk/internal/misc/JavaUtilZipFileAccess
Event: 0.403 loading class jdk/internal/misc/JavaUtilZipFileAccess done
Event: 0.403 loading class java/util/zip/ZipFile$1 done
Event: 0.404 loading class sun/net/www/protocol/jar/Handler
Event: 0.404 loading class sun/net/www/protocol/jar/Handler done
Event: 0.404 Executing VM operation: Deoptimize


Dynamic libraries:
00400000-00401000 r-xp 00000000 08:01 20447717                           /usr/lib/jvm/java-9-oracle/bin/java
00600000-00601000 rw-p 00000000 08:01 20447717                           /usr/lib/jvm/java-9-oracle/bin/java
0171d000-0173e000 rw-p 00000000 00:00 0                                  [heap]
c3c00000-c7a00000 rw-p 00000000 00:00 0 
c7a00000-100000000 ---p 00000000 00:00 0 
100000000-100080000 rw-p 00000000 00:00 0 
100080000-140000000 ---p 00000000 00:00 0 
7f7938000000-7f7938021000 rw-p 00000000 00:00 0 
7f7938021000-7f793c000000 ---p 00000000 00:00 0 
7f7940000000-7f7940021000 rw-p 00000000 00:00 0 
7f7940021000-7f7944000000 ---p 00000000 00:00 0 
7f7947ad0000-7f7947dfe000 rw-p 00000000 00:00 0 
7f7947dfe000-7f7947dff000 ---p 00000000 00:00 0 
7f7947dff000-7f7947eff000 rw-p 00000000 00:00 0 
7f7947eff000-7f7947f03000 ---p 00000000 00:00 0 
7f7947f03000-7f7948000000 rw-p 00000000 00:00 0 
7f7948000000-7f7948021000 rw-p 00000000 00:00 0 
7f7948021000-7f794c000000 ---p 00000000 00:00 0 
7f794c000000-7f794c021000 rw-p 00000000 00:00 0 
7f794c021000-7f7950000000 ---p 00000000 00:00 0 
7f7950000000-7f795002d000 rw-p 00000000 00:00 0 
7f795002d000-7f7954000000 ---p 00000000 00:00 0 
7f7954000000-7f795409f000 rw-p 00000000 00:00 0 
7f795409f000-7f7958000000 ---p 00000000 00:00 0 
7f7958000000-7f7958021000 rw-p 00000000 00:00 0 
7f7958021000-7f795c000000 ---p 00000000 00:00 0 
7f795c000000-7f795c0b7000 rw-p 00000000 00:00 0 
7f795c0b7000-7f7960000000 ---p 00000000 00:00 0 
7f7960000000-7f7960021000 rw-p 00000000 00:00 0 
7f7960021000-7f7964000000 ---p 00000000 00:00 0 
7f7964000000-7f7964021000 rw-p 00000000 00:00 0 
7f7964021000-7f7968000000 ---p 00000000 00:00 0 
7f7968000000-7f7968021000 rw-p 00000000 00:00 0 
7f7968021000-7f796c000000 ---p 00000000 00:00 0 
7f796c000000-7f796c021000 rw-p 00000000 00:00 0 
7f796c021000-7f7970000000 ---p 00000000 00:00 0 
7f7970000000-7f7970021000 rw-p 00000000 00:00 0 
7f7970021000-7f7974000000 ---p 00000000 00:00 0 
7f79740e3000-7f79740e7000 ---p 00000000 00:00 0 
7f79740e7000-7f79741e4000 rw-p 00000000 00:00 0 
7f79741e4000-7f79741fa000 r-xp 00000000 08:01 20581616                   /usr/lib/jvm/java-9-oracle/lib/libnet.so
7f79741fa000-7f79743fa000 ---p 00016000 08:01 20581616                   /usr/lib/jvm/java-9-oracle/lib/libnet.so
7f79743fa000-7f79743fb000 rw-p 00016000 08:01 20581616                   /usr/lib/jvm/java-9-oracle/lib/libnet.so
7f79743fb000-7f797440b000 r-xp 00000000 08:01 20583733                   /usr/lib/jvm/java-9-oracle/lib/libnio.so
7f797440b000-7f797460b000 ---p 00010000 08:01 20583733                   /usr/lib/jvm/java-9-oracle/lib/libnio.so
7f797460b000-7f797460c000 rw-p 00010000 08:01 20583733                   /usr/lib/jvm/java-9-oracle/lib/libnio.so
7f797460c000-7f7974610000 ---p 00000000 00:00 0 
7f7974610000-7f797470d000 rw-p 00000000 00:00 0 
7f797470d000-7f7974711000 ---p 00000000 00:00 0 
7f7974711000-7f797480e000 rw-p 00000000 00:00 0 
7f797480e000-7f7974812000 ---p 00000000 00:00 0 
7f7974812000-7f797490f000 rw-p 00000000 00:00 0 
7f797490f000-7f7974913000 ---p 00000000 00:00 0 
7f7974913000-7f7974a10000 rw-p 00000000 00:00 0 
7f7974a10000-7f7974a14000 ---p 00000000 00:00 0 
7f7974a14000-7f7974b11000 rw-p 00000000 00:00 0 
7f7974b11000-7f7974ded000 r--p 00000000 08:01 20317451                   /usr/lib/locale/locale-archive
7f7974ded000-7f7974df1000 ---p 00000000 00:00 0 
7f7974df1000-7f7974eee000 rw-p 00000000 00:00 0 
7f7974eee000-7f7974ef2000 ---p 00000000 00:00 0 
7f7974ef2000-7f7974fef000 rw-p 00000000 00:00 0 
7f7974fef000-7f7974ff0000 ---p 00000000 00:00 0 
7f7974ff0000-7f79750f0000 rw-p 00000000 00:00 0 
7f79750f0000-7f79770f0000 rwxp 00000000 00:00 0 
7f79770f0000-7f79771e8000 rw-p 00000000 00:00 0 
7f79771e8000-7f7978000000 ---p 00000000 00:00 0 
7f7978000000-7f7978021000 rw-p 00000000 00:00 0 
7f7978021000-7f797c000000 ---p 00000000 00:00 0 
7f797c000000-7f797c021000 rw-p 00000000 00:00 0 
7f797c021000-7f7980000000 ---p 00000000 00:00 0 
7f7980000000-7f7980021000 rw-p 00000000 00:00 0 
7f7980021000-7f7984000000 ---p 00000000 00:00 0 
7f7984000000-7f7984021000 rw-p 00000000 00:00 0 
7f7984021000-7f7988000000 ---p 00000000 00:00 0 
7f7988000000-7f7988021000 rw-p 00000000 00:00 0 
7f7988021000-7f798c000000 ---p 00000000 00:00 0 
7f798c000000-7f798c021000 rw-p 00000000 00:00 0 
7f798c021000-7f7990000000 ---p 00000000 00:00 0 
7f7990000000-7f7990021000 rw-p 00000000 00:00 0 
7f7990021000-7f7994000000 ---p 00000000 00:00 0 
7f7994000000-7f7994021000 rw-p 00000000 00:00 0 
7f7994021000-7f7998000000 ---p 00000000 00:00 0 
7f7998000000-7f7998021000 rw-p 00000000 00:00 0 
7f7998021000-7f799c000000 ---p 00000000 00:00 0 
7f799c089000-7f799c570000 rw-p 00000000 00:00 0 
7f799c570000-7f799c930000 ---p 00000000 00:00 0 
7f799c930000-7f799cd2b000 rw-p 00000000 00:00 0 
7f799cd2b000-7f799db43000 ---p 00000000 00:00 0 
7f799db43000-7f799ddb3000 rwxp 00000000 00:00 0 
7f799ddb3000-7f799e0d3000 ---p 00000000 00:00 0 
7f799e0d3000-7f799e343000 rwxp 00000000 00:00 0 
7f799e343000-7f79a560b000 ---p 00000000 00:00 0 
7f79a560b000-7f79a587b000 rwxp 00000000 00:00 0 
7f79a587b000-7f79acb43000 ---p 00000000 00:00 0 
7f79acb43000-7f79b8000000 r--s 00000000 08:01 20583714                   /usr/lib/jvm/java-9-oracle/lib/modules
7f79b8000000-7f79b81d3000 rw-p 00000000 00:00 0 
7f79b81d3000-7f79bc000000 ---p 00000000 00:00 0 
7f79bc01c000-7f79bc11d000 rw-p 00000000 00:00 0 
7f79bc11d000-7f79bc11e000 ---p 00000000 00:00 0 
7f79bc11e000-7f79bc21e000 rw-p 00000000 00:00 0 
7f79bc21e000-7f79bc21f000 ---p 00000000 00:00 0 
7f79bc21f000-7f79bc33e000 rw-p 00000000 00:00 0 
7f79bc33e000-7f79bc501000 ---p 00000000 00:00 0 
7f79bc501000-7f79bc520000 rw-p 00000000 00:00 0 
7f79bc520000-7f79bc8c5000 ---p 00000000 00:00 0 
7f79bc8c5000-7f79bc8e4000 rw-p 00000000 00:00 0 
7f79bc8e4000-7f79bcaa7000 ---p 00000000 00:00 0 
7f79bcaa7000-7f79bcaa8000 ---p 00000000 00:00 0 
7f79bcaa8000-7f79bcba8000 rw-p 00000000 00:00 0 
7f79bcba8000-7f79bcba9000 ---p 00000000 00:00 0 
7f79bcba9000-7f79bcca9000 rw-p 00000000 00:00 0 
7f79bcca9000-7f79bccaa000 ---p 00000000 00:00 0 
7f79bccaa000-7f79bcdaa000 rw-p 00000000 00:00 0 
7f79bcdaa000-7f79bcdab000 ---p 00000000 00:00 0 
7f79bcdab000-7f79bceab000 rw-p 00000000 00:00 0 
7f79bceab000-7f79bceac000 ---p 00000000 00:00 0 
7f79bceac000-7f79bd3b0000 rw-p 00000000 00:00 0 
7f79bd3b0000-7f79bd3b1000 ---p 00000000 00:00 0 
7f79bd3b1000-7f79bd4b1000 rw-p 00000000 00:00 0 
7f79bd4b1000-7f79bd4b2000 ---p 00000000 00:00 0 
7f79bd4b2000-7f79bd5b2000 rw-p 00000000 00:00 0 
7f79bd5b2000-7f79bd5b3000 ---p 00000000 00:00 0 
7f79bd5b3000-7f79bd6b3000 rw-p 00000000 00:00 0 
7f79bd6b3000-7f79bd6b4000 ---p 00000000 00:00 0 
7f79bd6b4000-7f79bd7b9000 rw-p 00000000 00:00 0 
7f79bd7b9000-7f79bd89f000 ---p 00000000 00:00 0 
7f79bd89f000-7f79bd8a4000 rw-p 00000000 00:00 0 
7f79bd8a4000-7f79bd98a000 ---p 00000000 00:00 0 
7f79bd98a000-7f79bd9a4000 r-xp 00000000 08:01 20580155                   /usr/lib/jvm/java-9-oracle/lib/libjimage.so
7f79bd9a4000-7f79bdba3000 ---p 0001a000 08:01 20580155                   /usr/lib/jvm/java-9-oracle/lib/libjimage.so
7f79bdba3000-7f79bdba5000 rw-p 00019000 08:01 20580155                   /usr/lib/jvm/java-9-oracle/lib/libjimage.so
7f79bdba5000-7f79bdbb7000 rw-p 00000000 00:00 0 
7f79bdbb7000-7f79bdbbe000 r-xp 00000000 08:01 20583741                   /usr/lib/jvm/java-9-oracle/lib/libzip.so
7f79bdbbe000-7f79bddbd000 ---p 00007000 08:01 20583741                   /usr/lib/jvm/java-9-oracle/lib/libzip.so
7f79bddbd000-7f79bddbe000 rw-p 00006000 08:01 20583741                   /usr/lib/jvm/java-9-oracle/lib/libzip.so
7f79bddbe000-7f79bddc9000 r-xp 00000000 08:01 14029423                   /lib/x86_64-linux-gnu/libnss_files-2.26.so
7f79bddc9000-7f79bdfc8000 ---p 0000b000 08:01 14029423                   /lib/x86_64-linux-gnu/libnss_files-2.26.so
7f79bdfc8000-7f79bdfc9000 r--p 0000a000 08:01 14029423                   /lib/x86_64-linux-gnu/libnss_files-2.26.so
7f79bdfc9000-7f79bdfca000 rw-p 0000b000 08:01 14029423                   /lib/x86_64-linux-gnu/libnss_files-2.26.so
7f79bdfca000-7f79bdfd0000 rw-p 00000000 00:00 0 
7f79bdfd0000-7f79bdfdb000 r-xp 00000000 08:01 14029425                   /lib/x86_64-linux-gnu/libnss_nis-2.26.so
7f79bdfdb000-7f79be1da000 ---p 0000b000 08:01 14029425                   /lib/x86_64-linux-gnu/libnss_nis-2.26.so
7f79be1da000-7f79be1db000 r--p 0000a000 08:01 14029425                   /lib/x86_64-linux-gnu/libnss_nis-2.26.so
7f79be1db000-7f79be1dc000 rw-p 0000b000 08:01 14029425                   /lib/x86_64-linux-gnu/libnss_nis-2.26.so
7f79be1dc000-7f79be1f3000 r-xp 00000000 08:01 14029420                   /lib/x86_64-linux-gnu/libnsl-2.26.so
7f79be1f3000-7f79be3f2000 ---p 00017000 08:01 14029420                   /lib/x86_64-linux-gnu/libnsl-2.26.so
7f79be3f2000-7f79be3f3000 r--p 00016000 08:01 14029420                   /lib/x86_64-linux-gnu/libnsl-2.26.so
7f79be3f3000-7f79be3f4000 rw-p 00017000 08:01 14029420                   /lib/x86_64-linux-gnu/libnsl-2.26.so
7f79be3f4000-7f79be3f6000 rw-p 00000000 00:00 0 
7f79be3f6000-7f79be3fe000 r-xp 00000000 08:01 14029421                   /lib/x86_64-linux-gnu/libnss_compat-2.26.so
7f79be3fe000-7f79be5fd000 ---p 00008000 08:01 14029421                   /lib/x86_64-linux-gnu/libnss_compat-2.26.so
7f79be5fd000-7f79be5fe000 r--p 00007000 08:01 14029421                   /lib/x86_64-linux-gnu/libnss_compat-2.26.so
7f79be5fe000-7f79be5ff000 rw-p 00008000 08:01 14029421                   /lib/x86_64-linux-gnu/libnss_compat-2.26.so
7f79be5ff000-7f79be62a000 r-xp 00000000 08:01 20580172                   /usr/lib/jvm/java-9-oracle/lib/libjava.so
7f79be62a000-7f79be829000 ---p 0002b000 08:01 20580172                   /usr/lib/jvm/java-9-oracle/lib/libjava.so
7f79be829000-7f79be82b000 rw-p 0002a000 08:01 20580172                   /usr/lib/jvm/java-9-oracle/lib/libjava.so
7f79be82b000-7f79be838000 r-xp 00000000 08:01 20583699                   /usr/lib/jvm/java-9-oracle/lib/libverify.so
7f79be838000-7f79bea37000 ---p 0000d000 08:01 20583699                   /usr/lib/jvm/java-9-oracle/lib/libverify.so
7f79bea37000-7f79bea39000 rw-p 0000c000 08:01 20583699                   /usr/lib/jvm/java-9-oracle/lib/libverify.so
7f79bea39000-7f79bea40000 r-xp 00000000 08:01 14029430                   /lib/x86_64-linux-gnu/librt-2.26.so
7f79bea40000-7f79bec3f000 ---p 00007000 08:01 14029430                   /lib/x86_64-linux-gnu/librt-2.26.so
7f79bec3f000-7f79bec40000 r--p 00006000 08:01 14029430                   /lib/x86_64-linux-gnu/librt-2.26.so
7f79bec40000-7f79bec41000 rw-p 00007000 08:01 14029430                   /lib/x86_64-linux-gnu/librt-2.26.so
7f79bec41000-7f79bed96000 r-xp 00000000 08:01 14029417                   /lib/x86_64-linux-gnu/libm-2.26.so
7f79bed96000-7f79bef95000 ---p 00155000 08:01 14029417                   /lib/x86_64-linux-gnu/libm-2.26.so
7f79bef95000-7f79bef96000 r--p 00154000 08:01 14029417                   /lib/x86_64-linux-gnu/libm-2.26.so
7f79bef96000-7f79bef97000 rw-p 00155000 08:01 14029417                   /lib/x86_64-linux-gnu/libm-2.26.so
7f79bef97000-7f79bffac000 r-xp 00000000 08:01 20971848                   /usr/lib/jvm/java-9-oracle/lib/server/libjvm.so
7f79bffac000-7f79c01ab000 ---p 01015000 08:01 20971848                   /usr/lib/jvm/java-9-oracle/lib/server/libjvm.so
7f79c01ab000-7f79c027c000 r--p 01014000 08:01 20971848                   /usr/lib/jvm/java-9-oracle/lib/server/libjvm.so
7f79c027c000-7f79c02b3000 rw-p 010e5000 08:01 20971848                   /usr/lib/jvm/java-9-oracle/lib/server/libjvm.so
7f79c02b3000-7f79c031c000 rw-p 00000000 00:00 0 
7f79c031c000-7f79c04f2000 r-xp 00000000 08:01 14029413                   /lib/x86_64-linux-gnu/libc-2.26.so
7f79c04f2000-7f79c06f2000 ---p 001d6000 08:01 14029413                   /lib/x86_64-linux-gnu/libc-2.26.so
7f79c06f2000-7f79c06f6000 r--p 001d6000 08:01 14029413                   /lib/x86_64-linux-gnu/libc-2.26.so
7f79c06f6000-7f79c06f8000 rw-p 001da000 08:01 14029413                   /lib/x86_64-linux-gnu/libc-2.26.so
7f79c06f8000-7f79c06fc000 rw-p 00000000 00:00 0 
7f79c06fc000-7f79c06ff000 r-xp 00000000 08:01 14029416                   /lib/x86_64-linux-gnu/libdl-2.26.so
7f79c06ff000-7f79c08fe000 ---p 00003000 08:01 14029416                   /lib/x86_64-linux-gnu/libdl-2.26.so
7f79c08fe000-7f79c08ff000 r--p 00002000 08:01 14029416                   /lib/x86_64-linux-gnu/libdl-2.26.so
7f79c08ff000-7f79c0900000 rw-p 00003000 08:01 14029416                   /lib/x86_64-linux-gnu/libdl-2.26.so
7f79c0900000-7f79c090e000 r-xp 00000000 08:01 20971850                   /usr/lib/jvm/java-9-oracle/lib/jli/libjli.so
7f79c090e000-7f79c0b0e000 ---p 0000e000 08:01 20971850                   /usr/lib/jvm/java-9-oracle/lib/jli/libjli.so
7f79c0b0e000-7f79c0b0f000 rw-p 0000e000 08:01 20971850                   /usr/lib/jvm/java-9-oracle/lib/jli/libjli.so
7f79c0b0f000-7f79c0b29000 r-xp 00000000 08:01 14029428                   /lib/x86_64-linux-gnu/libpthread-2.26.so
7f79c0b29000-7f79c0d28000 ---p 0001a000 08:01 14029428                   /lib/x86_64-linux-gnu/libpthread-2.26.so
7f79c0d28000-7f79c0d29000 r--p 00019000 08:01 14029428                   /lib/x86_64-linux-gnu/libpthread-2.26.so
7f79c0d29000-7f79c0d2a000 rw-p 0001a000 08:01 14029428                   /lib/x86_64-linux-gnu/libpthread-2.26.so
7f79c0d2a000-7f79c0d2e000 rw-p 00000000 00:00 0 
7f79c0d2e000-7f79c0d4a000 r-xp 00000000 08:01 14029407                   /lib/x86_64-linux-gnu/libz.so.1.2.11
7f79c0d4a000-7f79c0f49000 ---p 0001c000 08:01 14029407                   /lib/x86_64-linux-gnu/libz.so.1.2.11
7f79c0f49000-7f79c0f4a000 r--p 0001b000 08:01 14029407                   /lib/x86_64-linux-gnu/libz.so.1.2.11
7f79c0f4a000-7f79c0f4b000 rw-p 0001c000 08:01 14029407                   /lib/x86_64-linux-gnu/libz.so.1.2.11
7f79c0f4b000-7f79c0f72000 r-xp 00000000 08:01 14029279                   /lib/x86_64-linux-gnu/ld-2.26.so
7f79c0f74000-7f79c1055000 rw-p 00000000 00:00 0 
7f79c1055000-7f79c1056000 ---p 00000000 00:00 0 
7f79c1056000-7f79c105a000 ---p 00000000 00:00 0 
7f79c105a000-7f79c115a000 rw-p 00000000 00:00 0 
7f79c115b000-7f79c1161000 rw-p 00000000 00:00 0 
7f79c1161000-7f79c1168000 ---p 00000000 00:00 0 
7f79c1168000-7f79c1170000 rw-s 00000000 08:01 27787340                   /tmp/hsperfdata_ubi-2/6365
7f79c1170000-7f79c1171000 rw-p 00000000 00:00 0 
7f79c1171000-7f79c1172000 ---p 00000000 00:00 0 
7f79c1172000-7f79c1173000 r--p 00027000 08:01 14029279                   /lib/x86_64-linux-gnu/ld-2.26.so
7f79c1173000-7f79c1174000 rw-p 00028000 08:01 14029279                   /lib/x86_64-linux-gnu/ld-2.26.so
7f79c1174000-7f79c1175000 rw-p 00000000 00:00 0 
7ffdea0c2000-7ffdea0e4000 rw-p 00000000 00:00 0                          [stack]
7ffdea132000-7ffdea135000 r--p 00000000 00:00 0                          [vvar]
7ffdea135000-7ffdea137000 r-xp 00000000 00:00 0                          [vdso]
ffffffffff600000-ffffffffff601000 r-xp 00000000 00:00 0                  [vsyscall]

VM Arguments:
jvm_args: -Dfile.encoding=UTF-8 
java_command: com.harsha.todolist.Application
java_class_path (initial): /home/ubi-2/Documents/workspace-sts-3.9.2.RELEASE/ToDoList/target/classes:/home/ubi-2/.m2/repository/org/springframework/boot/spring-boot-starter-web/2.0.0.RELEASE/spring-boot-starter-web-2.0.0.RELEASE.jar:/home/ubi-2/.m2/repository/org/springframework/boot/spring-boot-starter/2.0.0.RELEASE/spring-boot-starter-2.0.0.RELEASE.jar:/home/ubi-2/.m2/repository/org/springframework/boot/spring-boot-starter-logging/2.0.0.RELEASE/spring-boot-starter-logging-2.0.0.RELEASE.jar:/home/ubi-2/.m2/repository/ch/qos/logback/logback-classic/1.2.3/logback-classic-1.2.3.jar:/home/ubi-2/.m2/repository/ch/qos/logback/logback-core/1.2.3/logback-core-1.2.3.jar:/home/ubi-2/.m2/repository/org/apache/logging/log4j/log4j-to-slf4j/2.10.0/log4j-to-slf4j-2.10.0.jar:/home/ubi-2/.m2/repository/org/apache/logging/log4j/log4j-api/2.10.0/log4j-api-2.10.0.jar:/home/ubi-2/.m2/repository/org/slf4j/jul-to-slf4j/1.7.25/jul-to-slf4j-1.7.25.jar:/home/ubi-2/.m2/repository/javax/annotation/javax.annotation-api/1.3.2/javax.annotation-api-1.3.2.jar:/home/ubi-2/.m2/repository/org/springframework/spring-core/5.0.4.RELEASE/spring-core-5.0.4.RELEASE.jar:/home/ubi-2/.m2/repository/org/springframework/spring-jcl/5.0.4.RELEASE/spring-jcl-5.0.4.RELEASE.jar:/home/ubi-2/.m2/repository/org/yaml/snakeyaml/1.19/snakeyaml-1.19.jar:/home/ubi-2/.m2/repository/org/springframework/boot/spring-boot-starter-json/2.0.0.RELEASE/spring-boot-starter-json-2.0.0.RELEASE.jar:/home/ubi-2/.m2/repository/com/fasterxml/jackson/core/jackson-databind/2.9.4/jackson-databind-2.9.4.jar:/home/ubi-2/.m2/repository/com/fasterxml/jackson/core/jackson-annotations/2.9.0/jackson-annotations-2.9.0.jar:/home/ubi-2/.m2/repository/com/fasterxml/jackson/core/jackson-core/2.9.4/jackson-core-2.9.4.jar:/home/ubi-2/.m2/repository/com/fasterxml/jackson/datatype/jackson-datatype-jdk8/2.9.4/jackson-datatype-jdk8-2.9.4.jar:/home/ubi-2/.m2/repository/com/fasterxml/jackson/datatype/jackson-datatype-jsr310/2.9.4/jackson-datatype-jsr310-2.9.4.
Launcher Type: SUN_STANDARD

Logging:
Log output configuration:
#0: stdout all=warning uptime,level,tags
#1: stderr all=off uptime,level,tags

Environment Variables:
JAVA_HOME=/usr/lib/jvm/java-8-oracle
PATH=/usr/local/sbin:/usr/local/bin:/usr/sbin:/usr/bin:/sbin:/bin:/usr/games:/usr/local/games:/snap/bin:/usr/lib/jvm/java-8-oracle/bin:/usr/lib/jvm/java-8-oracle/db/bin:/usr/lib/jvm/java-8-oracle/jre/bin
USERNAME=ubi-2
SHELL=/bin/bash
DISPLAY=:0

Signal Handlers:
SIGSEGV: [libjvm.so+0xd4d370], sa_mask[0]=11111111011111111101111111111110, sa_flags=SA_RESTART|SA_SIGINFO
SIGBUS: [libjvm.so+0xd4d370], sa_mask[0]=11111111011111111101111111111110, sa_flags=SA_RESTART|SA_SIGINFO
SIGFPE: [libjvm.so+0xd4d370], sa_mask[0]=11111111011111111101111111111110, sa_flags=SA_RESTART|SA_SIGINFO
SIGPIPE: [libjvm.so+0xb64780], sa_mask[0]=11111111011111111101111111111110, sa_flags=SA_RESTART|SA_SIGINFO
SIGXFSZ: [libjvm.so+0xb64780], sa_mask[0]=11111111011111111101111111111110, sa_flags=SA_RESTART|SA_SIGINFO
SIGILL: [libjvm.so+0xd4d370], sa_mask[0]=11111111011111111101111111111110, sa_flags=SA_RESTART|SA_SIGINFO
SIGUSR2: [libjvm.so+0xb64640], sa_mask[0]=00100000000000000000000000000000, sa_flags=SA_RESTART|SA_SIGINFO
SIGHUP: [libjvm.so+0xb64850], sa_mask[0]=11111111011111111101111111111110, sa_flags=SA_RESTART|SA_SIGINFO
SIGINT: [libjvm.so+0xb64850], sa_mask[0]=11111111011111111101111111111110, sa_flags=SA_RESTART|SA_SIGINFO
SIGTERM: [libjvm.so+0xb64850], sa_mask[0]=11111111011111111101111111111110, sa_flags=SA_RESTART|SA_SIGINFO
SIGQUIT: [libjvm.so+0xb64850], sa_mask[0]=11111111011111111101111111111110, sa_flags=SA_RESTART|SA_SIGINFO


---------------  S Y S T E M  ---------------

OS:DISTRIB_ID=Ubuntu
DISTRIB_RELEASE=17.10
DISTRIB_CODENAME=artful
DISTRIB_DESCRIPTION="Ubuntu 17.10"
uname:Linux 4.13.0-21-generic #24-Ubuntu SMP Mon Dec 18 17:29:16 UTC 2017 x86_64
libc:glibc 2.26 NPTL 2.26 
rlimit: STACK 8192k, CORE 0k, NPROC 15208, NOFILE 4096, AS infinity
load average:2.77 2.35 2.15

/proc/meminfo:
MemTotal:        3946296 kB
MemFree:          229260 kB
MemAvailable:    1206904 kB
Buffers:           55940 kB
Cached:          1140368 kB
SwapCached:        69088 kB
Active:          2450384 kB
Inactive:         999216 kB
Active(anon):    1754864 kB
Inactive(anon):   549188 kB
Active(file):     695520 kB
Inactive(file):   450028 kB
Unevictable:          64 kB
Mlocked:              64 kB
SwapTotal:       2097148 kB
SwapFree:        1318240 kB
Dirty:              3536 kB
Writeback:             0 kB
AnonPages:       2225004 kB
Mapped:           335824 kB
Shmem:            276912 kB
Slab:             120520 kB
SReclaimable:      69652 kB
SUnreclaim:        50868 kB
KernelStack:       15008 kB
PageTables:        60172 kB
NFS_Unstable:          0 kB
Bounce:                0 kB
WritebackTmp:          0 kB
CommitLimit:     4070296 kB
Committed_AS:    9621372 kB
VmallocTotal:   34359738367 kB
VmallocUsed:           0 kB
VmallocChunk:          0 kB
HardwareCorrupted:     0 kB
AnonHugePages:         0 kB
ShmemHugePages:        0 kB
ShmemPmdMapped:        0 kB
CmaTotal:              0 kB
CmaFree:               0 kB
HugePages_Total:       0
HugePages_Free:        0
HugePages_Rsvd:        0
HugePages_Surp:        0
Hugepagesize:       2048 kB
DirectMap4k:      251284 kB
DirectMap2M:     3846144 kB
DirectMap1G:           0 kB


CPU:total 4 (initial active 4) (2 cores per cpu, 2 threads per core) family 6 model 61 stepping 4, cmov, cx8, fxsr, mmx, sse, sse2, sse3, ssse3, sse4.1, sse4.2, popcnt, avx, avx2, aes, clmul, erms, 3dnowpref, lzcnt, ht, tsc, tscinvbit, bmi1, bmi2, adx, fma
CPU Model and flags from /proc/cpuinfo:
model name	: Intel(R) Core(TM) i3-5005U CPU @ 2.00GHz
flags		: fpu vme de pse tsc msr pae mce cx8 apic sep mtrr pge mca cmov pat pse36 clflush dts acpi mmx fxsr sse sse2 ss ht tm pbe syscall nx pdpe1gb rdtscp lm constant_tsc arch_perfmon pebs bts rep_good nopl xtopology nonstop_tsc cpuid aperfmperf pni pclmulqdq dtes64 monitor ds_cpl vmx est tm2 ssse3 sdbg fma cx16 xtpr pdcm pcid sse4_1 sse4_2 x2apic movbe popcnt tsc_deadline_timer aes xsave avx f16c rdrand lahf_lm abm 3dnowprefetch cpuid_fault epb intel_pt tpr_shadow vnmi flexpriority ept vpid fsgsbase tsc_adjust bmi1 avx2 smep bmi2 erms invpcid rdseed adx smap xsaveopt dtherm arat pln pts

Memory: 4k page, physical 3946296k(229260k free), swap 2097148k(1318240k free)

vm_info: Java HotSpot(TM) 64-Bit Server VM (9.0.4+11) for linux-amd64 JRE (9.0.4+11), built on Dec 19 2017 18:12:19 by "mach5one" with gcc 4.9.2

END.
